
 Fujitsu Fortran Version 1.2.1  Fri Aug 16 16:16:50 2019

 Compilation information
   Current directory : /OFS3/nwpr/gfs/ncust1/VORTEX/src_vor
   Source file       : getrdy.f

 Option information
   Command line options : -Kident_mpi -f2004 -Kfast,optmsg=2 -CcdRR8 -Fwide -V -Ec -Qa,d,i,p,t,x -c -Kfast -CcdRR8 -Fwide -c -o getrdy.o -L/package/fx10/dms/dms.v4/lib -lrdms -lgdbm -L/package/fx10/operlib/lib -lnwp -I/opt/FJSVfxlang/1.2.1/include/mpi/fujitsu -Knointentopt -I/opt/FJSVfxlang/1.2.1/lib64
   Effective options    : -fi -g0 -AE -Ec -Fixed -Fwide -O3 -Qa,d,i,p,t,x -X03
                          -CcdRR8 -x0
                          -KSPARC64IXfx -KFLTLD -Kadr44 -Knoauto
                          -Knoautoobjstack -Knocalleralloc -Kdalign -Keval
                          -Knofenv_access -Kfp_contract -Kfp_relaxed
                          -Kfsimple -Kilfunc=loop -Knointentopt -Klargepage
                          -Kloop_blocking -Kloop_fission -Kloop_nofission_if
                          -Kloop_fusion -Kloop_interchange
                          -Kloop_nopart_parallel -Kloop_nopart_simd
                          -Kloop_noversioning -Kns -Kmfunc=1 -Knoocl -Komitfp
                          -Koptmsg=2 -Knopreex -Kprefetch_conditional
                          -Kprefetch_noindirect -Kprefetch_sequential=auto
                          -Kprefetch_nostride -Kprefetch_cache_level=all
                          -Kprefetch_double_line_L2 -Kprefetch_noinfer
                          -Kprefetch_nostrong -Kprefetch_strong_L2
                          -Knoshortloop -Ksimd=1 -Knosimd_region_constant
                          -Knostriping -Kswp -Knotemparraystack -Kunroll
                          -Knouxsimd -KNOXFILL
                          -Knoopenmp -Kopenmp_noassume_norecurrence
                          -Kopenmp_noordered_reduction -Kopenmp_notls
                          -Knothreadsafe -Knoparallel
                          -Kparallel_nofp_precision -Knoarray_private
                          -Knodynamic_iteration -Knoreduction
                          -Knoregion_extension
                          -Nallextput -Nnoalloc_assign
                          -Ncancel_overtime_compilation -Nnocompdisp
                          -Nnocopyarg -Nfreealloc -Nf90move -Nnohook_func
                          -Nnohook_time -Nline -Nlst -Nlst=a -Nlst=d -Nlst=i
                          -Nlst=p -Nlst=t -Nlst=x -Nnomallocfree -Nnoobsfun
                          -Nquickdbg=noargchk -Nquickdbg=nosubchk
                          -Nquickdbg=noundef -NRnotrap -Nnorecursive
                          -Nrt_notune -Nnosave -Nsetvalue=noheap
                          -Nsetvalue=nostack -Nsetvalue=noscalar
                          -Nsetvalue=noarray -Nsetvalue=nostruct -Nuse_rodata

 External subroutine subprogram "getrdy"
  (inc)(line-no.)(nest)(optimize)
               1                           subroutine getrdy
               2                     c
               3                           include '../include/param.h'
     1         1                     c
     1         2                     cxxx  include param.h
     1         3                     c
     1         4                           parameter (nx=2160, my= nx/2, lev= 1,nxp1=nx+1)
     1         5                           parameter (jtrun= 2*((1+(nx-1)/3)/2), mlmax= jtrun*(jtrun+1)/2)
     1         6                     c
     1         7                     c specify the ncld = number of water spieces
     1         8                     c             ncld = 1  : only humidity
     1         9                     c                  = 2  : humidity and mixed cloud as qcirs
     1        10                     c                  = 3  : humidity, qci and qrs  (not yet)
     1        11                     c
     1        12                           parameter(ncld=1)
     1        13                     c
     1        14                     c  specify the number of processors to be used for running model
     1        15                     c
     1        16                           parameter(npe=16)
     1        17                     c      parameter(npe=1)
     1        18                           parameter(jtmax=jtrun/npe+1)
     1        19                           parameter(my_max=((my/npe+1)))
     1        20                     c
     1        21                     cxxx
               4                           include '../include/mpe.h'
     2         1                     c
     2         2                     c  include mpe.h
     2         3                     c
     2         4                           parameter(mpe_integer=0)
     2         5                           parameter(mpe_double=1)
     2         6                           parameter(mpe_logical=2)
     2         7                     c
               5                           include '../include/rank.h'
     3         1                           common/mpe_comm/nsize, myrank
               6                           include '../include/index.h'
     4         1                     c      common /mwork/mlistnum,mlist(500)
     4         2                     c     &             ,nlist(500),ilist(500)
     4         3                     c      common /jwork/jlistnum,jlist1(1280),jlist2(1280)
     4         4                     c     &            , jlistnum_tmp(1280)
     4         5                           common /mwork/mlistnum,mlist(1000)
     4         6                          &             ,nlist(1000),ilist(1000)
     4         7                           common /jwork/jlistnum,jlist1(2560),jlist2(2560)
     4         8                          &            , jlistnum_tmp(2560)
               7                           include '../include/const.h'
     5         1                     c
     5         2                           common/constp/
     5         3                          &  poly(jtrun,my/2,jtmax),dpoly(jtrun,my/2,jtmax)
     5         4                          &, eps4(jtrun,jtmax),cim(jtmax)
     5         5                          &, wdfac(jtrun,jtmax),wcfac(jtrun,jtmax)
     5         6                     c
     5         7                           logical fplane,chmean
     5         8                     
     5         9                           common/const/ weight(my),sinl(my),cosl(my)
     5        10                          *, cor(my),onocos(my),basu(my),basv(my)
     5        11                          *, mlsort(jtrun,jtrun),msort(mlmax),lsort(mlmax)
     5        12                     c
     5        13                          *, rad,radsq,omega,cp,rgas,pi,capa,grav,hmean,taui,taue,tauo
     5        14                          *, dt,tau,tfilt,hfilt,ktopo
     5        15                          *, vmax,rvm,b,tylat,tylon,fplane
     5        16                     c
               8                           include '../include/grid.h'
     6         1                     c
     6         2                           common /swgrid/phit(nx,lev,my_max),ut(nx,lev,my_max),vt(nx,lev,my_max)
     6         3                          *, rvor(nx,lev,my_max),rdiv(nx,lev,my_max),str(nx,lev,my_max),topo(nx,my),ix(3),jy(3)
     6         4                          *, xlon(nxp1,my),xlat(my),utm(nx,lev,my_max),vtm(nx,lev,my_max),phitm(nx,lev,my_max)
     6         5                          *, rvorm(nx,lev,my_max),rdivm(nx,lev,my_max),pvt(nx,lev,my_max)
     6         6                          *, dlzl(nx,my),dtzl(nx,my),dlpl(nx,my),dtpl(nx,my)
     6         7                     
     6         8                           common /grid/phi(nx,my),u(nx,my),v(nx,my),vor(nx,my),div(nx,my),pv(nx,my),st(nx,my)
     6         9                          *,   phiold(nx,my),vorold(nx,my),divold(nx,my),uold(nx,my),vold(nx,my)
     6        10                          *,   vorf(nx,my),divf(nx,my),phif(nx,my),r(nx,my),fbt(nx,my),fvn(nx,my),ftn(nx,my)
               9                           include '../include/spec.h'
     7         1                     c
     7         2                           common/specv/vorspc(lev,2,jtrun,jtmax),divspc(lev,2,jtrun,jtmax)
     7         3                          *, phispc(lev,2,jtrun,jtmax),strspc(lev,2,jtrun,jtmax),topospc(jtrun,jtmax,2)
     7         4                          *, vortt(lev,2,jtrun,jtmax),divtt(lev,2,jtrun,jtmax)
     7         5                          *, vortespc(lev,2,jtrun,jtmax),divtespc(lev,2,jtrun,jtmax)
     7         6                     c
              10                     c
              11                           dimension cc(nx+3,lev,3+ncld,my_max),wss(lev,2,3+ncld,jtrun,jtmax)
              12                           dimension wks1(lev,2,jtrun,jtmax),tmp(nx,lev,my_max)
              13                     c
              14                           radx=rad/1000.
              15                           pi=4.0*atan(1.0)
              16                           d2r=pi/180.
              17                           r2d=1./d2r
              18                     c
              19     1                     do 15 j=1,my
              20     1                     xlon(1,j)=0.
                                   <<< Loop-information Start >>>
                                   <<<  [OPTIMIZATION]
                                   <<<    SIMD
                                   <<<    SOFTWARE PIPELINING
                                   <<< Loop-information  End >>>
              21     2       7v            do 10 i=2,nx
              22     2       7v              xlon(i,j)=xlon(1,j)+float(i-1)*360./nx
              23     2       7v       10   continue
              24     1                       xlat(j)=asin(sinl(j))*r2d
              25     1                15   continue
              26                     
              27                     c-----ideal vortex
              28                     c-----../include/grid.h rvor(nx,lev,my_max),rdiv(nx,lev,my_max)
              29                     c-----../include/spec.h vorspc(lev,2,jtrun,jtmax),divspc(lev,2,jtrun,jtmax)
              30                     c-----                  strspc(lev,2,jtrun,jtmax)
              31                     c-----
              32                           call bogusuv(nx,my,lev,my_max,rad,ut,vt,rvor,rdiv,cosl
              33                          &            ,tylat,tylon,vmax,rvm,b,ix,jy,xlon,xlat)
              34                     
              35                     c-----transform rvor into spectral form
              36                           call joinrs(cc,rvor,rdiv,dummy,dummy,nx,my_max,lev,jlistnum,2,ncld)
              37                           call tranrs(jtrun,jtmax,nx,my,my_max,lev,poly,weight,cc
              38                          *           ,wss,2,nsize)
              39                           call ujoinrs(wss,vorspc,divspc,dummy,dummy,jtrun,jtmax,lev
              40                          *           ,mlistnum,2,ncld)
              41                     
              42                     
              43                     c-----compute stream function
              44     1                     do 50 m=1,mlistnum
              45     1                        mf=mlist(m)
                                   <<< Loop-information Start >>>
                                   <<<  [OPTIMIZATION]
                                   <<<    PREFETCH       : 24
                                   <<<      eps4: 8, vorspc: 8, strspc: 8
                                   <<< Loop-information  End >>>
              46     2       4s            do 50 n=mf,jtrun
              47     3       4s              if ( n.ne.1 ) then
                                   <<< Loop-information Start >>>
                                   <<<  [OPTIMIZATION]
                                   <<<    FULL UNROLLING
                                   <<< Loop-information  End >>>
              48     4       fs              do 51 j = 1, 2
                                   <<< Loop-information Start >>>
                                   <<<  [OPTIMIZATION]
                                   <<<    FULL UNROLLING
                                   <<< Loop-information  End >>>
              49     5       fs              do 51 k = 1, lev
              50     5       fs                strspc(k,j,n,m) = -vorspc(k,j,n,m)/eps4(n,m)
              51     4       fs        51    continue
              52     3       4s              endif
              53     1       4s        50  continue
              54                     
              55                     c-----transform strspc into grid form
              56                     
              57                           call joinsr(wss,strspc,strspc,dummy,dummy,jtrun,jtmax,lev
              58                          *           ,mlistnum,2,ncld)
              59                           call transr(jtrun,jtmax,nx,my,my_max,lev,poly,wss,cc,2,nsize)
              60                           call ujoinsr(cc,str,str,dummy,dummy,nx,my_max,lev,
              61                          &             jlistnum,2,ncld)
              62                     
              63                     c--------------------------------
              64                     c-----../include/grid.h u(nx,my),v(nx,my),vor(nx,my),div(nx,my),st(nx,my)
              65                     c
              66                     
              67     1                     do jj = 1, jlistnum
              68     1                       j=jlist1(jj)
              69     1                       xx=rad/cosl(j)
                                   <<< Loop-information Start >>>
                                   <<<  [OPTIMIZATION]
                                   <<<    SIMD
                                   <<<    SOFTWARE PIPELINING
                                   <<< Loop-information  End >>>
              70     2       6v            do i = 1, nx
              71     2       6v              vor(i,j)=rvor(i,1,jj)
              72     2       6v              u(i,j)=ut(i,1,jj)*xx  +basu(j)
              73     2       6v              v(i,j)=vt(i,1,jj)*xx  +basv(j)
              74     2       6v              st(i,j)=str(i,1,jj)
              75     2       6v            enddo
              76     1                     enddo
              77                     
              78                           call mpe_unify(vor,nx,my,2,mpe_double)
              79                           call mpe_unify(u,nx,my,2,mpe_double)
              80                           call mpe_unify(v,nx,my,2,mpe_double)
              81                           call mpe_unify(st,nx,my,2,mpe_double)
              82                     
              83                           if(myrank.eq.0)print *,'vor=',vor(ix(1),jy(1))
              84                           if(myrank.eq.0)print *,'u=',u(ix(1),jy(1)+5)
              85                           if(myrank.eq.0)print *,'v=',v(ix(1),jy(1)+5)
              86                           if(myrank.eq.0)print *,'st=',st(ix(1),jy(1))
              87                     c
              88                     c-------------------------------
              89                     c-----vortex track
              90                     c
              91                     
              92                     
              93                     c
              94                     c-----output of initail field
              95                     c
              96                     
              97                           call outflds(0.,1)
              98                     c
              99                     c
             100                           return
             101                           end
             102                     

 Diagnostic messages: program name(getrdy)
   jwd2003i-i  "../include/const.h", line 7: 'chmean' is declared in INCLUDE but never referenced.
   jwd2441i-i  "../include/const.h", line 9: Common block object 'vmax' relocated to correct boundary.
   jwd8220o-i  "getrdy.f", line 1: Optimizations is performed in this program unit with possibility of side effects. See informational messages below to determine which such optimizations have been performed.
   jwd2006i-i  "getrdy.f", line 12: 'tmp' is declared but never referenced.
   jwd2006i-i  "getrdy.f", line 12: 'wks1' is declared but never referenced.
   jwd8206o-i  "getrdy.f", line 14: Division is changed to multiplication by reciprocal.
   jwd8206o-i  "getrdy.f", line 16: Division is changed to multiplication by reciprocal.
   jwd6001s-i  "getrdy.f", line 21: SIMD conversion is applied to DO loop with DO variable 'i'.
   jwd8204o-i  "getrdy.f", line 21: This loop is software pipelined.
   jwd8205o-i  "getrdy.f", line 21: The software-pipelined loop is chosen at run time when the iteration count is greater than or equal to 57.
   jwd8206o-i  "getrdy.f", line 22: Division is changed to multiplication by reciprocal.
   jwd8209o-i  "getrdy.f", line 22: Evaluation order of polynomial expression is changed according to commutative law of addition and multiplication.
   jwd6229s-i  "getrdy.f", line 46: SIMD conversion cannot be applied to DO loop: there are IF statements in the loop.
   jwd8670o-i  "getrdy.f", line 46: This loop is not software pipelined because the loop contains a branch instruction which is not for loop iteration.
   jwd8202o-i  "getrdy.f", line 46: Loop unrolled 4 times.
   jwd8203o-i  "getrdy.f", line 48: Loop unrolled fully.
   jwd8203o-i  "getrdy.f", line 49: Loop unrolled fully.
   jwd8206o-i  "getrdy.f", line 50: Division is changed to multiplication by reciprocal.
   jwd6001s-i  "getrdy.f", line 70: SIMD conversion is applied to DO loop with DO variable 'i'.
   jwd8204o-i  "getrdy.f", line 70: This loop is software pipelined.
   jwd8205o-i  "getrdy.f", line 70: The software-pipelined loop is chosen at run time when the iteration count is greater than or equal to 48.

 Procedure information
   Lines      : 171
   Statements : 70
   Stack(byte): 96
   Prefetch num: 24

 Scoping unit of external sub-program : getrdy
   Attribute and Cross reference of name
     asin
      |(Class and Type) : intrinsic function name, REAL(8)
      |(Attributes)     : PURE, ELEMENTAL
      |(Declaration)    : 
      |(Definition)     : 
      |(Reference)      : 24
     atan
      |(Class and Type) : intrinsic function name, REAL(8)
      |(Attributes)     : PURE, ELEMENTAL
      |(Declaration)    : 
      |(Definition)     : 
      |(Reference)      : 15
     b
      |(Class and Type) : variable name, REAL(8)-implicited
      |(Attributes)     : common-block-object
      |(Declaration)    : 5-9
      |(Definition)     : 32
      |(Reference)      : 
     basu
      |(Class and Type) : variable name, REAL(8)-implicited
      |(Attributes)     : DIMENSION, common-block-object
      |(Declaration)    : 5-9
      |(Definition)     : 
      |(Reference)      : 72
     basv
      |(Class and Type) : variable name, REAL(8)-implicited
      |(Attributes)     : DIMENSION, common-block-object
      |(Declaration)    : 5-9
      |(Definition)     : 
      |(Reference)      : 73
     bogusuv
      |(Class and Type) : external subroutine name
      |(Attributes)     : 
      |(Declaration)    : 
      |(Definition)     : 
      |(Reference)      : 32
     capa
      |(Class and Type) : variable name, REAL(8)-implicited
      |(Attributes)     : common-block-object
      |(Declaration)    : 5-9
      |(Definition)     : 
      |(Reference)      : 
     cc
      |(Class and Type) : variable name, REAL(8)-implicited
      |(Attributes)     : DIMENSION
      |(Declaration)    : 11
      |(Definition)     : 36  37  59  60
      |(Reference)      : 
     chmean
      |(Class and Type) : variable name, LOGICAL(4)
      |(Attributes)     : 
      |(Declaration)    : 5-7
      |(Definition)     : 
      |(Reference)      : 
     cim
      |(Class and Type) : variable name, REAL(8)-implicited
      |(Attributes)     : DIMENSION, common-block-object
      |(Declaration)    : 5-2
      |(Definition)     : 
      |(Reference)      : 
     const
      |(Class and Type) : common name
      |(Attributes)     : 
      |(Declaration)    : 5-9
      |(Definition)     : 
      |(Reference)      : 
     constp
      |(Class and Type) : common name
      |(Attributes)     : 
      |(Declaration)    : 5-2
      |(Definition)     : 
      |(Reference)      : 
     cor
      |(Class and Type) : variable name, REAL(8)-implicited
      |(Attributes)     : DIMENSION, common-block-object
      |(Declaration)    : 5-9
      |(Definition)     : 
      |(Reference)      : 
     cosl
      |(Class and Type) : variable name, REAL(8)-implicited
      |(Attributes)     : DIMENSION, common-block-object
      |(Declaration)    : 5-9
      |(Definition)     : 32
      |(Reference)      : 69
     cp
      |(Class and Type) : variable name, REAL(8)-implicited
      |(Attributes)     : common-block-object
      |(Declaration)    : 5-9
      |(Definition)     : 
      |(Reference)      : 
     d2r
      |(Class and Type) : variable name, REAL(8)-implicited
      |(Attributes)     : 
      |(Declaration)    : 
      |(Definition)     : 16
      |(Reference)      : 17
     div
      |(Class and Type) : variable name, REAL(8)-implicited
      |(Attributes)     : DIMENSION, common-block-object
      |(Declaration)    : 6-8
      |(Definition)     : 
      |(Reference)      : 
     divf
      |(Class and Type) : variable name, REAL(8)-implicited
      |(Attributes)     : DIMENSION, common-block-object
      |(Declaration)    : 6-8
      |(Definition)     : 
      |(Reference)      : 
     divold
      |(Class and Type) : variable name, REAL(8)-implicited
      |(Attributes)     : DIMENSION, common-block-object
      |(Declaration)    : 6-8
      |(Definition)     : 
      |(Reference)      : 
     divspc
      |(Class and Type) : variable name, REAL(8)-implicited
      |(Attributes)     : DIMENSION, common-block-object
      |(Declaration)    : 7-2
      |(Definition)     : 39
      |(Reference)      : 
     divtespc
      |(Class and Type) : variable name, REAL(8)-implicited
      |(Attributes)     : DIMENSION, common-block-object
      |(Declaration)    : 7-2
      |(Definition)     : 
      |(Reference)      : 
     divtt
      |(Class and Type) : variable name, REAL(8)-implicited
      |(Attributes)     : DIMENSION, common-block-object
      |(Declaration)    : 7-2
      |(Definition)     : 
      |(Reference)      : 
     dlpl
      |(Class and Type) : variable name, REAL(8)-implicited
      |(Attributes)     : DIMENSION, common-block-object
      |(Declaration)    : 6-2
      |(Definition)     : 
      |(Reference)      : 
     dlzl
      |(Class and Type) : variable name, REAL(8)-implicited
      |(Attributes)     : DIMENSION, common-block-object
      |(Declaration)    : 6-2
      |(Definition)     : 
      |(Reference)      : 
     dpoly
      |(Class and Type) : variable name, REAL(8)-implicited
      |(Attributes)     : DIMENSION, common-block-object
      |(Declaration)    : 5-2
      |(Definition)     : 
      |(Reference)      : 
     dt
      |(Class and Type) : variable name, REAL(8)-implicited
      |(Attributes)     : common-block-object
      |(Declaration)    : 5-9
      |(Definition)     : 
      |(Reference)      : 
     dtpl
      |(Class and Type) : variable name, REAL(8)-implicited
      |(Attributes)     : DIMENSION, common-block-object
      |(Declaration)    : 6-2
      |(Definition)     : 
      |(Reference)      : 
     dtzl
      |(Class and Type) : variable name, REAL(8)-implicited
      |(Attributes)     : DIMENSION, common-block-object
      |(Declaration)    : 6-2
      |(Definition)     : 
      |(Reference)      : 
     dummy
      |(Class and Type) : variable name, REAL(8)-implicited
      |(Attributes)     : 
      |(Declaration)    : 
      |(Definition)     : 36  36  39  39  57  57  60  60
      |(Reference)      : 
     eps4
      |(Class and Type) : variable name, REAL(8)-implicited
      |(Attributes)     : DIMENSION, common-block-object
      |(Declaration)    : 5-2
      |(Definition)     : 
      |(Reference)      : 50
     fbt
      |(Class and Type) : variable name, REAL(8)-implicited
      |(Attributes)     : DIMENSION, common-block-object
      |(Declaration)    : 6-8
      |(Definition)     : 
      |(Reference)      : 
     float
      |(Class and Type) : intrinsic function name, REAL(8)
      |(Attributes)     : PURE, ELEMENTAL
      |(Declaration)    : 
      |(Definition)     : 
      |(Reference)      : 22
     fplane
      |(Class and Type) : variable name, LOGICAL(4)
      |(Attributes)     : common-block-object
      |(Declaration)    : 5-7  5-9
      |(Definition)     : 
      |(Reference)      : 
     ftn
      |(Class and Type) : variable name, REAL(8)-implicited
      |(Attributes)     : DIMENSION, common-block-object
      |(Declaration)    : 6-8
      |(Definition)     : 
      |(Reference)      : 
     fvn
      |(Class and Type) : variable name, REAL(8)-implicited
      |(Attributes)     : DIMENSION, common-block-object
      |(Declaration)    : 6-8
      |(Definition)     : 
      |(Reference)      : 
     getrdy
      |(Class and Type) : external subroutine name
      |(Attributes)     : 
      |(Declaration)    : 
      |(Definition)     : 1
      |(Reference)      : 
     grav
      |(Class and Type) : variable name, REAL(8)-implicited
      |(Attributes)     : common-block-object
      |(Declaration)    : 5-9
      |(Definition)     : 
      |(Reference)      : 
     grid
      |(Class and Type) : common name
      |(Attributes)     : 
      |(Declaration)    : 6-8
      |(Definition)     : 
      |(Reference)      : 
     hfilt
      |(Class and Type) : variable name, REAL(8)-implicited
      |(Attributes)     : common-block-object
      |(Declaration)    : 5-9
      |(Definition)     : 
      |(Reference)      : 
     hmean
      |(Class and Type) : variable name, REAL(8)-implicited
      |(Attributes)     : common-block-object
      |(Declaration)    : 5-9
      |(Definition)     : 
      |(Reference)      : 
     i
      |(Class and Type) : variable name, INTEGER(4)-implicited
      |(Attributes)     : 
      |(Declaration)    : 
      |(Definition)     : 21  70
      |(Reference)      : 22  22  71  71  72  72  73  73  74  74
     ilist
      |(Class and Type) : variable name, INTEGER(4)-implicited
      |(Attributes)     : DIMENSION, common-block-object
      |(Declaration)    : 4-5
      |(Definition)     : 
      |(Reference)      : 
     ix
      |(Class and Type) : variable name, INTEGER(4)-implicited
      |(Attributes)     : DIMENSION, common-block-object
      |(Declaration)    : 6-2
      |(Definition)     : 32
      |(Reference)      : 83  84  85  86
     j
      |(Class and Type) : variable name, INTEGER(4)-implicited
      |(Attributes)     : 
      |(Declaration)    : 
      |(Definition)     : 19  48  68
      |(Reference)      : 20  22  22  24  24  50  50  69  71  72  72  73  73  74
     jj
      |(Class and Type) : variable name, INTEGER(4)-implicited
      |(Attributes)     : 
      |(Declaration)    : 
      |(Definition)     : 67
      |(Reference)      : 68  71  72  73  74
     jlist1
      |(Class and Type) : variable name, INTEGER(4)-implicited
      |(Attributes)     : DIMENSION, common-block-object
      |(Declaration)    : 4-7
      |(Definition)     : 
      |(Reference)      : 68
     jlist2
      |(Class and Type) : variable name, INTEGER(4)-implicited
      |(Attributes)     : DIMENSION, common-block-object
      |(Declaration)    : 4-7
      |(Definition)     : 
      |(Reference)      : 
     jlistnum
      |(Class and Type) : variable name, INTEGER(4)-implicited
      |(Attributes)     : common-block-object
      |(Declaration)    : 4-7
      |(Definition)     : 36  60
      |(Reference)      : 67
     jlistnum_tmp
      |(Class and Type) : variable name, INTEGER(4)-implicited
      |(Attributes)     : DIMENSION, common-block-object
      |(Declaration)    : 4-7
      |(Definition)     : 
      |(Reference)      : 
     joinrs
      |(Class and Type) : external subroutine name
      |(Attributes)     : 
      |(Declaration)    : 
      |(Definition)     : 
      |(Reference)      : 36
     joinsr
      |(Class and Type) : external subroutine name
      |(Attributes)     : 
      |(Declaration)    : 
      |(Definition)     : 
      |(Reference)      : 57
     jtmax
      |(Class and Type) : named constant, INTEGER(4)-implicited
      |(Attributes)     : 
      |(Declaration)    : 1-18
      |(Definition)     : 
      |(Reference)      : 5-2  5-2  5-2  5-2  5-2  5-2  7-2  7-2  7-2  7-2  7-2  7-2  7-2  7-2  7-2  11  12  37  39  57  59
     jtrun
      |(Class and Type) : named constant, INTEGER(4)-implicited
      |(Attributes)     : 
      |(Declaration)    : 1-5
      |(Definition)     : 
      |(Reference)      : 1-5  1-5  11  12  1-18  5-2  5-2  5-2  5-2  5-2  5-9  5-9  7-2  7-2  7-2  7-2  7-2  7-2  7-2  7-2  7-2  37  39  46  57  59
     jwork
      |(Class and Type) : common name
      |(Attributes)     : 
      |(Declaration)    : 4-7
      |(Definition)     : 
      |(Reference)      : 
     jy
      |(Class and Type) : variable name, INTEGER(4)-implicited
      |(Attributes)     : DIMENSION, common-block-object
      |(Declaration)    : 6-2
      |(Definition)     : 32
      |(Reference)      : 83  84  85  86
     k
      |(Class and Type) : variable name, INTEGER(4)-implicited
      |(Attributes)     : 
      |(Declaration)    : 
      |(Definition)     : 49
      |(Reference)      : 50  50
     ktopo
      |(Class and Type) : variable name, INTEGER(4)-implicited
      |(Attributes)     : common-block-object
      |(Declaration)    : 5-9
      |(Definition)     : 
      |(Reference)      : 
     lev
      |(Class and Type) : named constant, INTEGER(4)-implicited
      |(Attributes)     : 
      |(Declaration)    : 1-4
      |(Definition)     : 
      |(Reference)      : 6-2  6-2  6-2  6-2  6-2  6-2  6-2  6-2  6-2  6-2  6-2  6-2  7-2  7-2  7-2  7-2  7-2  7-2  7-2  7-2  11  11  12  12  32  36  37  39  49  57  59  60
     lsort
      |(Class and Type) : variable name, INTEGER(4)-implicited
      |(Attributes)     : DIMENSION, common-block-object
      |(Declaration)    : 5-9
      |(Definition)     : 
      |(Reference)      : 
     m
      |(Class and Type) : variable name, INTEGER(4)-implicited
      |(Attributes)     : 
      |(Declaration)    : 
      |(Definition)     : 44
      |(Reference)      : 45  50  50  50
     mf
      |(Class and Type) : variable name, INTEGER(4)-implicited
      |(Attributes)     : 
      |(Declaration)    : 
      |(Definition)     : 45
      |(Reference)      : 46
     mlist
      |(Class and Type) : variable name, INTEGER(4)-implicited
      |(Attributes)     : DIMENSION, common-block-object
      |(Declaration)    : 4-5
      |(Definition)     : 
      |(Reference)      : 45
     mlistnum
      |(Class and Type) : variable name, INTEGER(4)-implicited
      |(Attributes)     : common-block-object
      |(Declaration)    : 4-5
      |(Definition)     : 39  57
      |(Reference)      : 44
     mlmax
      |(Class and Type) : named constant, INTEGER(4)-implicited
      |(Attributes)     : 
      |(Declaration)    : 1-5
      |(Definition)     : 
      |(Reference)      : 5-9  5-9
     mlsort
      |(Class and Type) : variable name, INTEGER(4)-implicited
      |(Attributes)     : DIMENSION, common-block-object
      |(Declaration)    : 5-9
      |(Definition)     : 
      |(Reference)      : 
     mpe_comm
      |(Class and Type) : common name
      |(Attributes)     : 
      |(Declaration)    : 3-1
      |(Definition)     : 
      |(Reference)      : 
     mpe_double
      |(Class and Type) : named constant, INTEGER(4)-implicited
      |(Attributes)     : 
      |(Declaration)    : 2-5
      |(Definition)     : 
      |(Reference)      : 78  79  80  81
     mpe_integer
      |(Class and Type) : named constant, INTEGER(4)-implicited
      |(Attributes)     : 
      |(Declaration)    : 2-4
      |(Definition)     : 
      |(Reference)      : 
     mpe_logical
      |(Class and Type) : named constant, INTEGER(4)-implicited
      |(Attributes)     : 
      |(Declaration)    : 2-6
      |(Definition)     : 
      |(Reference)      : 
     mpe_unify
      |(Class and Type) : external subroutine name
      |(Attributes)     : 
      |(Declaration)    : 
      |(Definition)     : 
      |(Reference)      : 78  79  80  81
     msort
      |(Class and Type) : variable name, INTEGER(4)-implicited
      |(Attributes)     : DIMENSION, common-block-object
      |(Declaration)    : 5-9
      |(Definition)     : 
      |(Reference)      : 
     mwork
      |(Class and Type) : common name
      |(Attributes)     : 
      |(Declaration)    : 4-5
      |(Definition)     : 
      |(Reference)      : 
     my
      |(Class and Type) : named constant, INTEGER(4)-implicited
      |(Attributes)     : 
      |(Declaration)    : 1-4
      |(Definition)     : 
      |(Reference)      : 19  1-19  5-2  5-2  5-9  5-9  5-9  5-9  5-9  5-9  5-9  6-2  6-2  6-2  6-2  6-2  6-2  6-2  6-8  6-8  6-8  6-8  6-8  6-8  6-8  6-8  6-8  6-8  6-8  6-8  6-8  6-8  6-8  6-8  6-8  6-8  6-8  32  37  59  78  79  80  81
     my_max
      |(Class and Type) : named constant, INTEGER(4)-implicited
      |(Attributes)     : 
      |(Declaration)    : 1-19
      |(Definition)     : 
      |(Reference)      : 6-2  6-2  6-2  6-2  6-2  6-2  6-2  6-2  6-2  6-2  6-2  6-2  11  12  32  36  37  59  60
     myrank
      |(Class and Type) : variable name, INTEGER(4)-implicited
      |(Attributes)     : common-block-object
      |(Declaration)    : 3-1
      |(Definition)     : 
      |(Reference)      : 83  84  85  86
     n
      |(Class and Type) : variable name, INTEGER(4)-implicited
      |(Attributes)     : 
      |(Declaration)    : 
      |(Definition)     : 46
      |(Reference)      : 47  50  50  50
     ncld
      |(Class and Type) : named constant, INTEGER(4)-implicited
      |(Attributes)     : 
      |(Declaration)    : 1-12
      |(Definition)     : 
      |(Reference)      : 11  11  36  39  57  60
     nlist
      |(Class and Type) : variable name, INTEGER(4)-implicited
      |(Attributes)     : DIMENSION, common-block-object
      |(Declaration)    : 4-5
      |(Definition)     : 
      |(Reference)      : 
     npe
      |(Class and Type) : named constant, INTEGER(4)-implicited
      |(Attributes)     : 
      |(Declaration)    : 1-16
      |(Definition)     : 
      |(Reference)      : 1-18  1-19
     nsize
      |(Class and Type) : variable name, INTEGER(4)-implicited
      |(Attributes)     : common-block-object
      |(Declaration)    : 3-1
      |(Definition)     : 37  59
      |(Reference)      : 
     nx
      |(Class and Type) : named constant, INTEGER(4)-implicited
      |(Attributes)     : 
      |(Declaration)    : 1-4
      |(Definition)     : 
      |(Reference)      : 1-4  1-4  1-5  6-2  6-2  6-2  6-2  6-2  6-2  6-2  6-2  6-2  6-2  6-2  6-2  6-2  6-2  6-2  6-2  6-2  6-8  6-8  6-8  6-8  6-8  6-8  6-8  6-8  6-8  6-8  6-8  6-8  6-8  6-8  6-8  6-8  6-8  6-8  6-8  11  12  21  22  32  36  37  59  60  70  78  79  80  81
     nxp1
      |(Class and Type) : named constant, INTEGER(4)-implicited
      |(Attributes)     : 
      |(Declaration)    : 1-4
      |(Definition)     : 
      |(Reference)      : 6-2
     omega
      |(Class and Type) : variable name, REAL(8)-implicited
      |(Attributes)     : common-block-object
      |(Declaration)    : 5-9
      |(Definition)     : 
      |(Reference)      : 
     onocos
      |(Class and Type) : variable name, REAL(8)-implicited
      |(Attributes)     : DIMENSION, common-block-object
      |(Declaration)    : 5-9
      |(Definition)     : 
      |(Reference)      : 
     outflds
      |(Class and Type) : external subroutine name
      |(Attributes)     : 
      |(Declaration)    : 
      |(Definition)     : 
      |(Reference)      : 97
     phi
      |(Class and Type) : variable name, REAL(8)-implicited
      |(Attributes)     : DIMENSION, common-block-object
      |(Declaration)    : 6-8
      |(Definition)     : 
      |(Reference)      : 
     phif
      |(Class and Type) : variable name, REAL(8)-implicited
      |(Attributes)     : DIMENSION, common-block-object
      |(Declaration)    : 6-8
      |(Definition)     : 
      |(Reference)      : 
     phiold
      |(Class and Type) : variable name, REAL(8)-implicited
      |(Attributes)     : DIMENSION, common-block-object
      |(Declaration)    : 6-8
      |(Definition)     : 
      |(Reference)      : 
     phispc
      |(Class and Type) : variable name, REAL(8)-implicited
      |(Attributes)     : DIMENSION, common-block-object
      |(Declaration)    : 7-2
      |(Definition)     : 
      |(Reference)      : 
     phit
      |(Class and Type) : variable name, REAL(8)-implicited
      |(Attributes)     : DIMENSION, common-block-object
      |(Declaration)    : 6-2
      |(Definition)     : 
      |(Reference)      : 
     phitm
      |(Class and Type) : variable name, REAL(8)-implicited
      |(Attributes)     : DIMENSION, common-block-object
      |(Declaration)    : 6-2
      |(Definition)     : 
      |(Reference)      : 
     pi
      |(Class and Type) : variable name, REAL(8)-implicited
      |(Attributes)     : common-block-object
      |(Declaration)    : 5-9
      |(Definition)     : 15
      |(Reference)      : 16
     poly
      |(Class and Type) : variable name, REAL(8)-implicited
      |(Attributes)     : DIMENSION, common-block-object
      |(Declaration)    : 5-2
      |(Definition)     : 37  59
      |(Reference)      : 
     pv
      |(Class and Type) : variable name, REAL(8)-implicited
      |(Attributes)     : DIMENSION, common-block-object
      |(Declaration)    : 6-8
      |(Definition)     : 
      |(Reference)      : 
     pvt
      |(Class and Type) : variable name, REAL(8)-implicited
      |(Attributes)     : DIMENSION, common-block-object
      |(Declaration)    : 6-2
      |(Definition)     : 
      |(Reference)      : 
     r
      |(Class and Type) : variable name, REAL(8)-implicited
      |(Attributes)     : DIMENSION, common-block-object
      |(Declaration)    : 6-8
      |(Definition)     : 
      |(Reference)      : 
     r2d
      |(Class and Type) : variable name, REAL(8)-implicited
      |(Attributes)     : 
      |(Declaration)    : 
      |(Definition)     : 17
      |(Reference)      : 24
     rad
      |(Class and Type) : variable name, REAL(8)-implicited
      |(Attributes)     : common-block-object
      |(Declaration)    : 5-9
      |(Definition)     : 32
      |(Reference)      : 14  69
     radsq
      |(Class and Type) : variable name, REAL(8)-implicited
      |(Attributes)     : common-block-object
      |(Declaration)    : 5-9
      |(Definition)     : 
      |(Reference)      : 
     radx
      |(Class and Type) : variable name, REAL(8)-implicited
      |(Attributes)     : 
      |(Declaration)    : 
      |(Definition)     : 14
      |(Reference)      : 
     rdiv
      |(Class and Type) : variable name, REAL(8)-implicited
      |(Attributes)     : DIMENSION, common-block-object
      |(Declaration)    : 6-2
      |(Definition)     : 32  36
      |(Reference)      : 
     rdivm
      |(Class and Type) : variable name, REAL(8)-implicited
      |(Attributes)     : DIMENSION, common-block-object
      |(Declaration)    : 6-2
      |(Definition)     : 
      |(Reference)      : 
     rgas
      |(Class and Type) : variable name, REAL(8)-implicited
      |(Attributes)     : common-block-object
      |(Declaration)    : 5-9
      |(Definition)     : 
      |(Reference)      : 
     rvm
      |(Class and Type) : variable name, REAL(8)-implicited
      |(Attributes)     : common-block-object
      |(Declaration)    : 5-9
      |(Definition)     : 32
      |(Reference)      : 
     rvor
      |(Class and Type) : variable name, REAL(8)-implicited
      |(Attributes)     : DIMENSION, common-block-object
      |(Declaration)    : 6-2
      |(Definition)     : 32  36
      |(Reference)      : 71
     rvorm
      |(Class and Type) : variable name, REAL(8)-implicited
      |(Attributes)     : DIMENSION, common-block-object
      |(Declaration)    : 6-2
      |(Definition)     : 
      |(Reference)      : 
     sinl
      |(Class and Type) : variable name, REAL(8)-implicited
      |(Attributes)     : DIMENSION, common-block-object
      |(Declaration)    : 5-9
      |(Definition)     : 
      |(Reference)      : 24
     specv
      |(Class and Type) : common name
      |(Attributes)     : 
      |(Declaration)    : 7-2
      |(Definition)     : 
      |(Reference)      : 
     st
      |(Class and Type) : variable name, REAL(8)-implicited
      |(Attributes)     : DIMENSION, common-block-object
      |(Declaration)    : 6-8
      |(Definition)     : 74  81
      |(Reference)      : 86
     str
      |(Class and Type) : variable name, REAL(8)-implicited
      |(Attributes)     : DIMENSION, common-block-object
      |(Declaration)    : 6-2
      |(Definition)     : 60  60
      |(Reference)      : 74
     strspc
      |(Class and Type) : variable name, REAL(8)-implicited
      |(Attributes)     : DIMENSION, common-block-object
      |(Declaration)    : 7-2
      |(Definition)     : 50  57  57
      |(Reference)      : 
     swgrid
      |(Class and Type) : common name
      |(Attributes)     : 
      |(Declaration)    : 6-2
      |(Definition)     : 
      |(Reference)      : 
     tau
      |(Class and Type) : variable name, REAL(8)-implicited
      |(Attributes)     : common-block-object
      |(Declaration)    : 5-9
      |(Definition)     : 
      |(Reference)      : 
     taue
      |(Class and Type) : variable name, REAL(8)-implicited
      |(Attributes)     : common-block-object
      |(Declaration)    : 5-9
      |(Definition)     : 
      |(Reference)      : 
     taui
      |(Class and Type) : variable name, REAL(8)-implicited
      |(Attributes)     : common-block-object
      |(Declaration)    : 5-9
      |(Definition)     : 
      |(Reference)      : 
     tauo
      |(Class and Type) : variable name, REAL(8)-implicited
      |(Attributes)     : common-block-object
      |(Declaration)    : 5-9
      |(Definition)     : 
      |(Reference)      : 
     tfilt
      |(Class and Type) : variable name, REAL(8)-implicited
      |(Attributes)     : common-block-object
      |(Declaration)    : 5-9
      |(Definition)     : 
      |(Reference)      : 
     tmp
      |(Class and Type) : variable name, REAL(8)-implicited
      |(Attributes)     : DIMENSION
      |(Declaration)    : 12
      |(Definition)     : 
      |(Reference)      : 
     topo
      |(Class and Type) : variable name, REAL(8)-implicited
      |(Attributes)     : DIMENSION, common-block-object
      |(Declaration)    : 6-2
      |(Definition)     : 
      |(Reference)      : 
     topospc
      |(Class and Type) : variable name, REAL(8)-implicited
      |(Attributes)     : DIMENSION, common-block-object
      |(Declaration)    : 7-2
      |(Definition)     : 
      |(Reference)      : 
     tranrs
      |(Class and Type) : external subroutine name
      |(Attributes)     : 
      |(Declaration)    : 
      |(Definition)     : 
      |(Reference)      : 37
     transr
      |(Class and Type) : external subroutine name
      |(Attributes)     : 
      |(Declaration)    : 
      |(Definition)     : 
      |(Reference)      : 59
     tylat
      |(Class and Type) : variable name, REAL(8)-implicited
      |(Attributes)     : common-block-object
      |(Declaration)    : 5-9
      |(Definition)     : 32
      |(Reference)      : 
     tylon
      |(Class and Type) : variable name, REAL(8)-implicited
      |(Attributes)     : common-block-object
      |(Declaration)    : 5-9
      |(Definition)     : 32
      |(Reference)      : 
     u
      |(Class and Type) : variable name, REAL(8)-implicited
      |(Attributes)     : DIMENSION, common-block-object
      |(Declaration)    : 6-8
      |(Definition)     : 72  79
      |(Reference)      : 84
     ujoinrs
      |(Class and Type) : external subroutine name
      |(Attributes)     : 
      |(Declaration)    : 
      |(Definition)     : 
      |(Reference)      : 39
     ujoinsr
      |(Class and Type) : external subroutine name
      |(Attributes)     : 
      |(Declaration)    : 
      |(Definition)     : 
      |(Reference)      : 60
     uold
      |(Class and Type) : variable name, REAL(8)-implicited
      |(Attributes)     : DIMENSION, common-block-object
      |(Declaration)    : 6-8
      |(Definition)     : 
      |(Reference)      : 
     ut
      |(Class and Type) : variable name, REAL(8)-implicited
      |(Attributes)     : DIMENSION, common-block-object
      |(Declaration)    : 6-2
      |(Definition)     : 32
      |(Reference)      : 72
     utm
      |(Class and Type) : variable name, REAL(8)-implicited
      |(Attributes)     : DIMENSION, common-block-object
      |(Declaration)    : 6-2
      |(Definition)     : 
      |(Reference)      : 
     v
      |(Class and Type) : variable name, REAL(8)-implicited
      |(Attributes)     : DIMENSION, common-block-object
      |(Declaration)    : 6-8
      |(Definition)     : 73  80
      |(Reference)      : 85
     vmax
      |(Class and Type) : variable name, REAL(8)-implicited
      |(Attributes)     : common-block-object
      |(Declaration)    : 5-9
      |(Definition)     : 32
      |(Reference)      : 
     vold
      |(Class and Type) : variable name, REAL(8)-implicited
      |(Attributes)     : DIMENSION, common-block-object
      |(Declaration)    : 6-8
      |(Definition)     : 
      |(Reference)      : 
     vor
      |(Class and Type) : variable name, REAL(8)-implicited
      |(Attributes)     : DIMENSION, common-block-object
      |(Declaration)    : 6-8
      |(Definition)     : 71  78
      |(Reference)      : 83
     vorf
      |(Class and Type) : variable name, REAL(8)-implicited
      |(Attributes)     : DIMENSION, common-block-object
      |(Declaration)    : 6-8
      |(Definition)     : 
      |(Reference)      : 
     vorold
      |(Class and Type) : variable name, REAL(8)-implicited
      |(Attributes)     : DIMENSION, common-block-object
      |(Declaration)    : 6-8
      |(Definition)     : 
      |(Reference)      : 
     vorspc
      |(Class and Type) : variable name, REAL(8)-implicited
      |(Attributes)     : DIMENSION, common-block-object
      |(Declaration)    : 7-2
      |(Definition)     : 39
      |(Reference)      : 50
     vortespc
      |(Class and Type) : variable name, REAL(8)-implicited
      |(Attributes)     : DIMENSION, common-block-object
      |(Declaration)    : 7-2
      |(Definition)     : 
      |(Reference)      : 
     vortt
      |(Class and Type) : variable name, REAL(8)-implicited
      |(Attributes)     : DIMENSION, common-block-object
      |(Declaration)    : 7-2
      |(Definition)     : 
      |(Reference)      : 
     vt
      |(Class and Type) : variable name, REAL(8)-implicited
      |(Attributes)     : DIMENSION, common-block-object
      |(Declaration)    : 6-2
      |(Definition)     : 32
      |(Reference)      : 73
     vtm
      |(Class and Type) : variable name, REAL(8)-implicited
      |(Attributes)     : DIMENSION, common-block-object
      |(Declaration)    : 6-2
      |(Definition)     : 
      |(Reference)      : 
     wcfac
      |(Class and Type) : variable name, REAL(8)-implicited
      |(Attributes)     : DIMENSION, common-block-object
      |(Declaration)    : 5-2
      |(Definition)     : 
      |(Reference)      : 
     wdfac
      |(Class and Type) : variable name, REAL(8)-implicited
      |(Attributes)     : DIMENSION, common-block-object
      |(Declaration)    : 5-2
      |(Definition)     : 
      |(Reference)      : 
     weight
      |(Class and Type) : variable name, REAL(8)-implicited
      |(Attributes)     : DIMENSION, common-block-object
      |(Declaration)    : 5-9
      |(Definition)     : 37
      |(Reference)      : 
     wks1
      |(Class and Type) : variable name, REAL(8)-implicited
      |(Attributes)     : DIMENSION
      |(Declaration)    : 12
      |(Definition)     : 
      |(Reference)      : 
     wss
      |(Class and Type) : variable name, REAL(8)-implicited
      |(Attributes)     : DIMENSION
      |(Declaration)    : 11
      |(Definition)     : 37  39  57  59
      |(Reference)      : 
     xlat
      |(Class and Type) : variable name, REAL(8)-implicited
      |(Attributes)     : DIMENSION, common-block-object
      |(Declaration)    : 6-2
      |(Definition)     : 24  32
      |(Reference)      : 
     xlon
      |(Class and Type) : variable name, REAL(8)-implicited
      |(Attributes)     : DIMENSION, common-block-object
      |(Declaration)    : 6-2
      |(Definition)     : 20  22  32
      |(Reference)      : 22
     xx
      |(Class and Type) : variable name, REAL(8)-implicited
      |(Attributes)     : 
      |(Declaration)    : 
      |(Definition)     : 69
      |(Reference)      : 72  73
   Cross reference of label
     (Label) (label-kind)               (line-no.)
     ------- ------------- ------------ ----------
         10  execution     (Definition) 23  
                           (Reference)  21
         15  execution     (Definition) 25  
                           (Reference)  19
         50  execution     (Definition) 53  
                           (Reference)  44  46
         51  execution     (Definition) 51  
                           (Reference)  48  49

 Total information
   Procedures       : 1
   Total lines      : 171
   Total statements : 70
   Total stack(byte): 96
   Total prefetch num: 24

 Include file name list
     1 : ../include/param.h
     2 : ../include/mpe.h
     3 : ../include/rank.h
     4 : ../include/index.h
     5 : ../include/const.h
     6 : ../include/grid.h
     7 : ../include/spec.h

