
 Fujitsu Fortran Version 1.2.1  Fri Aug 16 17:46:29 2019

 Compilation information
   Current directory : /OFS3/nwpr/gfs/ncust1/VORTEX/src_vor
   Source file       : outflds.f

 Option information
   Command line options : -Kident_mpi -f2004 -Kfast,optmsg=2 -CcdRR8 -Fwide -V -Ec -Qa,d,i,p,t,x -c -Kfast -CcdRR8 -Fwide -c -o outflds.o -L/package/fx10/dms/dms.v4/lib -lrdms -lgdbm -L/package/fx10/operlib/lib -lnwp -I/opt/FJSVfxlang/1.2.1/include/mpi/fujitsu -Knointentopt -I/opt/FJSVfxlang/1.2.1/lib64
   Effective options    : -fi -g0 -AE -Ec -Fixed -Fwide -O3 -Qa,d,i,p,t,x -X03
                          -CcdRR8 -x0
                          -KSPARC64IXfx -KFLTLD -Kadr44 -Knoauto
                          -Knoautoobjstack -Knocalleralloc -Kdalign -Keval
                          -Knofenv_access -Kfp_contract -Kfp_relaxed
                          -Kfsimple -Kilfunc=loop -Knointentopt -Klargepage
                          -Kloop_blocking -Kloop_fission -Kloop_nofission_if
                          -Kloop_fusion -Kloop_interchange
                          -Kloop_nopart_parallel -Kloop_nopart_simd
                          -Kloop_noversioning -Kns -Kmfunc=1 -Knoocl -Komitfp
                          -Koptmsg=2 -Knopreex -Kprefetch_conditional
                          -Kprefetch_noindirect -Kprefetch_sequential=auto
                          -Kprefetch_nostride -Kprefetch_cache_level=all
                          -Kprefetch_double_line_L2 -Kprefetch_noinfer
                          -Kprefetch_nostrong -Kprefetch_strong_L2
                          -Knoshortloop -Ksimd=1 -Knosimd_region_constant
                          -Knostriping -Kswp -Knotemparraystack -Kunroll
                          -Knouxsimd -KNOXFILL
                          -Knoopenmp -Kopenmp_noassume_norecurrence
                          -Kopenmp_noordered_reduction -Kopenmp_notls
                          -Knothreadsafe -Knoparallel
                          -Kparallel_nofp_precision -Knoarray_private
                          -Knodynamic_iteration -Knoreduction
                          -Knoregion_extension
                          -Nallextput -Nnoalloc_assign
                          -Ncancel_overtime_compilation -Nnocompdisp
                          -Nnocopyarg -Nfreealloc -Nf90move -Nnohook_func
                          -Nnohook_time -Nline -Nlst -Nlst=a -Nlst=d -Nlst=i
                          -Nlst=p -Nlst=t -Nlst=x -Nnomallocfree -Nnoobsfun
                          -Nquickdbg=noargchk -Nquickdbg=nosubchk
                          -Nquickdbg=noundef -NRnotrap -Nnorecursive
                          -Nrt_notune -Nnosave -Nsetvalue=noheap
                          -Nsetvalue=nostack -Nsetvalue=noscalar
                          -Nsetvalue=noarray -Nsetvalue=nostruct -Nuse_rodata

 External subroutine subprogram "outflds"
  (inc)(line-no.)(nest)(optimize)
               1                           subroutine outflds(taux,nrec)
               2                     c
               3                     c  output grid point value to a file
               4                     c
               5                           include '../include/param.h'
     1         1                     c
     1         2                     cxxx  include param.h
     1         3                     c
     1         4                           parameter (nx=2160, my= nx/2, lev= 1,nxp1=nx+1)
     1         5                           parameter (jtrun= 2*((1+(nx-1)/3)/2), mlmax= jtrun*(jtrun+1)/2)
     1         6                     c
     1         7                     c specify the ncld = number of water spieces
     1         8                     c             ncld = 1  : only humidity
     1         9                     c                  = 2  : humidity and mixed cloud as qcirs
     1        10                     c                  = 3  : humidity, qci and qrs  (not yet)
     1        11                     c
     1        12                           parameter(ncld=1)
     1        13                     c
     1        14                     c  specify the number of processors to be used for running model
     1        15                     c
     1        16                           parameter(npe=16)
     1        17                     c      parameter(npe=1)
     1        18                           parameter(jtmax=jtrun/npe+1)
     1        19                           parameter(my_max=((my/npe+1)))
     1        20                     c
     1        21                     cxxx
               6                           include '../include/mpe.h'
     2         1                     c
     2         2                     c  include mpe.h
     2         3                     c
     2         4                           parameter(mpe_integer=0)
     2         5                           parameter(mpe_double=1)
     2         6                           parameter(mpe_logical=2)
     2         7                     c
               7                           include '../include/rank.h'
     3         1                           common/mpe_comm/nsize, myrank
               8                           include '../include/index.h'
     4         1                     c      common /mwork/mlistnum,mlist(500)
     4         2                     c     &             ,nlist(500),ilist(500)
     4         3                     c      common /jwork/jlistnum,jlist1(1280),jlist2(1280)
     4         4                     c     &            , jlistnum_tmp(1280)
     4         5                           common /mwork/mlistnum,mlist(1000)
     4         6                          &             ,nlist(1000),ilist(1000)
     4         7                           common /jwork/jlistnum,jlist1(2560),jlist2(2560)
     4         8                          &            , jlistnum_tmp(2560)
               9                           include '../include/const.h'
     5         1                     c
     5         2                           common/constp/
     5         3                          &  poly(jtrun,my/2,jtmax),dpoly(jtrun,my/2,jtmax)
     5         4                          &, eps4(jtrun,jtmax),cim(jtmax)
     5         5                          &, wdfac(jtrun,jtmax),wcfac(jtrun,jtmax)
     5         6                     c
     5         7                           logical fplane,chmean
     5         8                     
     5         9                           common/const/ weight(my),sinl(my),cosl(my)
     5        10                          *, cor(my),onocos(my),basu(my),basv(my)
     5        11                          *, mlsort(jtrun,jtrun),msort(mlmax),lsort(mlmax)
     5        12                     c
     5        13                          *, rad,radsq,omega,cp,rgas,pi,capa,grav,hmean,taui,taue,tauo
     5        14                          *, dt,tau,tfilt,hfilt,ktopo
     5        15                          *, vmax,rvm,b,tylat,tylon,fplane
     5        16                     c
              10                           include '../include/grid.h'
     6         1                     c
     6         2                           common /swgrid/phit(nx,lev,my_max),ut(nx,lev,my_max),vt(nx,lev,my_max)
     6         3                          *, rvor(nx,lev,my_max),rdiv(nx,lev,my_max),str(nx,lev,my_max),topo(nx,my),ix(3),jy(3)
     6         4                          *, xlon(nxp1,my),xlat(my),utm(nx,lev,my_max),vtm(nx,lev,my_max),phitm(nx,lev,my_max)
     6         5                          *, rvorm(nx,lev,my_max),rdivm(nx,lev,my_max),pvt(nx,lev,my_max)
     6         6                          *, dlzl(nx,my),dtzl(nx,my),dlpl(nx,my),dtpl(nx,my)
     6         7                     
     6         8                           common /grid/phi(nx,my),u(nx,my),v(nx,my),vor(nx,my),div(nx,my),pv(nx,my),st(nx,my)
     6         9                          *,   phiold(nx,my),vorold(nx,my),divold(nx,my),uold(nx,my),vold(nx,my)
     6        10                          *,   vorf(nx,my),divf(nx,my),phif(nx,my),r(nx,my),fbt(nx,my),fvn(nx,my),ftn(nx,my)
              11                           integer record
              12                           integer uwindrecord,vwindrecord
              13                     c
              14                     c  working array
              15                     
              16                           itau=taux
              17                     c     nrec = itau / tauo +1
              18                           record = itau / tauo +1
              19                           vwindrecord = 2*record
              20                           uwindrecord = vwindrecord -1
              21                     c
              22                     
              23                           call  writes(81,uwindrecord,nx,my,u)
              24                           call  writes(81,vwindrecord,nx,my,v)
              25                           call  writes(83,record,nx,my,vor)
              26                           call  writes(84,record,nx,my,st)
              27                           write(85,rec=uwindrecord) ix(1)
              28                           write(85,rec=vwindrecord) jy(1)
              29                     
              30                           write(88,"(5(I7))") record,ix(1),jy(1),ix(2),jy(2)
              31                           return
              32                           end

 Diagnostic messages: program name(outflds)
   jwd2003i-i  "../include/const.h", line 7: 'chmean' is declared in INCLUDE but never referenced.
   jwd2441i-i  "../include/const.h", line 9: Common block object 'vmax' relocated to correct boundary.
   jwd2008i-i  "outflds.f", line 1: Dummy argument 'nrec' not used in this subprogram.

 Procedure information
   Lines      : 95
   Statements : 33
   Stack(byte): 48
   Prefetch num: 0

 Scoping unit of external sub-program : outflds
   Attribute and Cross reference of name
     b
      |(Class and Type) : variable name, REAL(8)-implicited
      |(Attributes)     : common-block-object
      |(Declaration)    : 5-9
      |(Definition)     : 
      |(Reference)      : 
     basu
      |(Class and Type) : variable name, REAL(8)-implicited
      |(Attributes)     : DIMENSION, common-block-object
      |(Declaration)    : 5-9
      |(Definition)     : 
      |(Reference)      : 
     basv
      |(Class and Type) : variable name, REAL(8)-implicited
      |(Attributes)     : DIMENSION, common-block-object
      |(Declaration)    : 5-9
      |(Definition)     : 
      |(Reference)      : 
     capa
      |(Class and Type) : variable name, REAL(8)-implicited
      |(Attributes)     : common-block-object
      |(Declaration)    : 5-9
      |(Definition)     : 
      |(Reference)      : 
     chmean
      |(Class and Type) : variable name, LOGICAL(4)
      |(Attributes)     : 
      |(Declaration)    : 5-7
      |(Definition)     : 
      |(Reference)      : 
     cim
      |(Class and Type) : variable name, REAL(8)-implicited
      |(Attributes)     : DIMENSION, common-block-object
      |(Declaration)    : 5-2
      |(Definition)     : 
      |(Reference)      : 
     const
      |(Class and Type) : common name
      |(Attributes)     : 
      |(Declaration)    : 5-9
      |(Definition)     : 
      |(Reference)      : 
     constp
      |(Class and Type) : common name
      |(Attributes)     : 
      |(Declaration)    : 5-2
      |(Definition)     : 
      |(Reference)      : 
     cor
      |(Class and Type) : variable name, REAL(8)-implicited
      |(Attributes)     : DIMENSION, common-block-object
      |(Declaration)    : 5-9
      |(Definition)     : 
      |(Reference)      : 
     cosl
      |(Class and Type) : variable name, REAL(8)-implicited
      |(Attributes)     : DIMENSION, common-block-object
      |(Declaration)    : 5-9
      |(Definition)     : 
      |(Reference)      : 
     cp
      |(Class and Type) : variable name, REAL(8)-implicited
      |(Attributes)     : common-block-object
      |(Declaration)    : 5-9
      |(Definition)     : 
      |(Reference)      : 
     div
      |(Class and Type) : variable name, REAL(8)-implicited
      |(Attributes)     : DIMENSION, common-block-object
      |(Declaration)    : 6-8
      |(Definition)     : 
      |(Reference)      : 
     divf
      |(Class and Type) : variable name, REAL(8)-implicited
      |(Attributes)     : DIMENSION, common-block-object
      |(Declaration)    : 6-8
      |(Definition)     : 
      |(Reference)      : 
     divold
      |(Class and Type) : variable name, REAL(8)-implicited
      |(Attributes)     : DIMENSION, common-block-object
      |(Declaration)    : 6-8
      |(Definition)     : 
      |(Reference)      : 
     dlpl
      |(Class and Type) : variable name, REAL(8)-implicited
      |(Attributes)     : DIMENSION, common-block-object
      |(Declaration)    : 6-2
      |(Definition)     : 
      |(Reference)      : 
     dlzl
      |(Class and Type) : variable name, REAL(8)-implicited
      |(Attributes)     : DIMENSION, common-block-object
      |(Declaration)    : 6-2
      |(Definition)     : 
      |(Reference)      : 
     dpoly
      |(Class and Type) : variable name, REAL(8)-implicited
      |(Attributes)     : DIMENSION, common-block-object
      |(Declaration)    : 5-2
      |(Definition)     : 
      |(Reference)      : 
     dt
      |(Class and Type) : variable name, REAL(8)-implicited
      |(Attributes)     : common-block-object
      |(Declaration)    : 5-9
      |(Definition)     : 
      |(Reference)      : 
     dtpl
      |(Class and Type) : variable name, REAL(8)-implicited
      |(Attributes)     : DIMENSION, common-block-object
      |(Declaration)    : 6-2
      |(Definition)     : 
      |(Reference)      : 
     dtzl
      |(Class and Type) : variable name, REAL(8)-implicited
      |(Attributes)     : DIMENSION, common-block-object
      |(Declaration)    : 6-2
      |(Definition)     : 
      |(Reference)      : 
     eps4
      |(Class and Type) : variable name, REAL(8)-implicited
      |(Attributes)     : DIMENSION, common-block-object
      |(Declaration)    : 5-2
      |(Definition)     : 
      |(Reference)      : 
     fbt
      |(Class and Type) : variable name, REAL(8)-implicited
      |(Attributes)     : DIMENSION, common-block-object
      |(Declaration)    : 6-8
      |(Definition)     : 
      |(Reference)      : 
     fplane
      |(Class and Type) : variable name, LOGICAL(4)
      |(Attributes)     : common-block-object
      |(Declaration)    : 5-7  5-9
      |(Definition)     : 
      |(Reference)      : 
     ftn
      |(Class and Type) : variable name, REAL(8)-implicited
      |(Attributes)     : DIMENSION, common-block-object
      |(Declaration)    : 6-8
      |(Definition)     : 
      |(Reference)      : 
     fvn
      |(Class and Type) : variable name, REAL(8)-implicited
      |(Attributes)     : DIMENSION, common-block-object
      |(Declaration)    : 6-8
      |(Definition)     : 
      |(Reference)      : 
     grav
      |(Class and Type) : variable name, REAL(8)-implicited
      |(Attributes)     : common-block-object
      |(Declaration)    : 5-9
      |(Definition)     : 
      |(Reference)      : 
     grid
      |(Class and Type) : common name
      |(Attributes)     : 
      |(Declaration)    : 6-8
      |(Definition)     : 
      |(Reference)      : 
     hfilt
      |(Class and Type) : variable name, REAL(8)-implicited
      |(Attributes)     : common-block-object
      |(Declaration)    : 5-9
      |(Definition)     : 
      |(Reference)      : 
     hmean
      |(Class and Type) : variable name, REAL(8)-implicited
      |(Attributes)     : common-block-object
      |(Declaration)    : 5-9
      |(Definition)     : 
      |(Reference)      : 
     ilist
      |(Class and Type) : variable name, INTEGER(4)-implicited
      |(Attributes)     : DIMENSION, common-block-object
      |(Declaration)    : 4-5
      |(Definition)     : 
      |(Reference)      : 
     itau
      |(Class and Type) : variable name, INTEGER(4)-implicited
      |(Attributes)     : 
      |(Declaration)    : 
      |(Definition)     : 16
      |(Reference)      : 18
     ix
      |(Class and Type) : variable name, INTEGER(4)-implicited
      |(Attributes)     : DIMENSION, common-block-object
      |(Declaration)    : 6-2
      |(Definition)     : 
      |(Reference)      : 27  30  30
     jlist1
      |(Class and Type) : variable name, INTEGER(4)-implicited
      |(Attributes)     : DIMENSION, common-block-object
      |(Declaration)    : 4-7
      |(Definition)     : 
      |(Reference)      : 
     jlist2
      |(Class and Type) : variable name, INTEGER(4)-implicited
      |(Attributes)     : DIMENSION, common-block-object
      |(Declaration)    : 4-7
      |(Definition)     : 
      |(Reference)      : 
     jlistnum
      |(Class and Type) : variable name, INTEGER(4)-implicited
      |(Attributes)     : common-block-object
      |(Declaration)    : 4-7
      |(Definition)     : 
      |(Reference)      : 
     jlistnum_tmp
      |(Class and Type) : variable name, INTEGER(4)-implicited
      |(Attributes)     : DIMENSION, common-block-object
      |(Declaration)    : 4-7
      |(Definition)     : 
      |(Reference)      : 
     jtmax
      |(Class and Type) : named constant, INTEGER(4)-implicited
      |(Attributes)     : 
      |(Declaration)    : 1-18
      |(Definition)     : 
      |(Reference)      : 5-2  5-2  5-2  5-2  5-2  5-2
     jtrun
      |(Class and Type) : named constant, INTEGER(4)-implicited
      |(Attributes)     : 
      |(Declaration)    : 1-5
      |(Definition)     : 
      |(Reference)      : 1-5  1-5  1-18  5-2  5-2  5-2  5-2  5-2  5-9  5-9
     jwork
      |(Class and Type) : common name
      |(Attributes)     : 
      |(Declaration)    : 4-7
      |(Definition)     : 
      |(Reference)      : 
     jy
      |(Class and Type) : variable name, INTEGER(4)-implicited
      |(Attributes)     : DIMENSION, common-block-object
      |(Declaration)    : 6-2
      |(Definition)     : 
      |(Reference)      : 28  30  30
     ktopo
      |(Class and Type) : variable name, INTEGER(4)-implicited
      |(Attributes)     : common-block-object
      |(Declaration)    : 5-9
      |(Definition)     : 
      |(Reference)      : 
     lev
      |(Class and Type) : named constant, INTEGER(4)-implicited
      |(Attributes)     : 
      |(Declaration)    : 1-4
      |(Definition)     : 
      |(Reference)      : 6-2  6-2  6-2  6-2  6-2  6-2  6-2  6-2  6-2  6-2  6-2  6-2
     lsort
      |(Class and Type) : variable name, INTEGER(4)-implicited
      |(Attributes)     : DIMENSION, common-block-object
      |(Declaration)    : 5-9
      |(Definition)     : 
      |(Reference)      : 
     mlist
      |(Class and Type) : variable name, INTEGER(4)-implicited
      |(Attributes)     : DIMENSION, common-block-object
      |(Declaration)    : 4-5
      |(Definition)     : 
      |(Reference)      : 
     mlistnum
      |(Class and Type) : variable name, INTEGER(4)-implicited
      |(Attributes)     : common-block-object
      |(Declaration)    : 4-5
      |(Definition)     : 
      |(Reference)      : 
     mlmax
      |(Class and Type) : named constant, INTEGER(4)-implicited
      |(Attributes)     : 
      |(Declaration)    : 1-5
      |(Definition)     : 
      |(Reference)      : 5-9  5-9
     mlsort
      |(Class and Type) : variable name, INTEGER(4)-implicited
      |(Attributes)     : DIMENSION, common-block-object
      |(Declaration)    : 5-9
      |(Definition)     : 
      |(Reference)      : 
     mpe_comm
      |(Class and Type) : common name
      |(Attributes)     : 
      |(Declaration)    : 3-1
      |(Definition)     : 
      |(Reference)      : 
     mpe_double
      |(Class and Type) : named constant, INTEGER(4)-implicited
      |(Attributes)     : 
      |(Declaration)    : 2-5
      |(Definition)     : 
      |(Reference)      : 
     mpe_integer
      |(Class and Type) : named constant, INTEGER(4)-implicited
      |(Attributes)     : 
      |(Declaration)    : 2-4
      |(Definition)     : 
      |(Reference)      : 
     mpe_logical
      |(Class and Type) : named constant, INTEGER(4)-implicited
      |(Attributes)     : 
      |(Declaration)    : 2-6
      |(Definition)     : 
      |(Reference)      : 
     msort
      |(Class and Type) : variable name, INTEGER(4)-implicited
      |(Attributes)     : DIMENSION, common-block-object
      |(Declaration)    : 5-9
      |(Definition)     : 
      |(Reference)      : 
     mwork
      |(Class and Type) : common name
      |(Attributes)     : 
      |(Declaration)    : 4-5
      |(Definition)     : 
      |(Reference)      : 
     my
      |(Class and Type) : named constant, INTEGER(4)-implicited
      |(Attributes)     : 
      |(Declaration)    : 1-4
      |(Definition)     : 
      |(Reference)      : 1-19  5-2  5-2  5-9  5-9  5-9  5-9  5-9  5-9  5-9  6-2  6-2  6-2  6-2  6-2  6-2  6-2  6-8  6-8  6-8  6-8  6-8  6-8  6-8  6-8  6-8  6-8  6-8  6-8  6-8  6-8  6-8  6-8  6-8  6-8  6-8  23  24  25  26
     my_max
      |(Class and Type) : named constant, INTEGER(4)-implicited
      |(Attributes)     : 
      |(Declaration)    : 1-19
      |(Definition)     : 
      |(Reference)      : 6-2  6-2  6-2  6-2  6-2  6-2  6-2  6-2  6-2  6-2  6-2  6-2
     myrank
      |(Class and Type) : variable name, INTEGER(4)-implicited
      |(Attributes)     : common-block-object
      |(Declaration)    : 3-1
      |(Definition)     : 
      |(Reference)      : 
     ncld
      |(Class and Type) : named constant, INTEGER(4)-implicited
      |(Attributes)     : 
      |(Declaration)    : 1-12
      |(Definition)     : 
      |(Reference)      : 
     nlist
      |(Class and Type) : variable name, INTEGER(4)-implicited
      |(Attributes)     : DIMENSION, common-block-object
      |(Declaration)    : 4-5
      |(Definition)     : 
      |(Reference)      : 
     npe
      |(Class and Type) : named constant, INTEGER(4)-implicited
      |(Attributes)     : 
      |(Declaration)    : 1-16
      |(Definition)     : 
      |(Reference)      : 1-18  1-19
     nrec
      |(Class and Type) : variable name, INTEGER(4)-implicited
      |(Attributes)     : dummy-argument
      |(Declaration)    : 1
      |(Definition)     : 
      |(Reference)      : 
     nsize
      |(Class and Type) : variable name, INTEGER(4)-implicited
      |(Attributes)     : common-block-object
      |(Declaration)    : 3-1
      |(Definition)     : 
      |(Reference)      : 
     nx
      |(Class and Type) : named constant, INTEGER(4)-implicited
      |(Attributes)     : 
      |(Declaration)    : 1-4
      |(Definition)     : 
      |(Reference)      : 1-4  1-4  1-5  6-2  6-2  6-2  6-2  6-2  6-2  6-2  6-2  6-2  6-2  6-2  6-2  6-2  6-2  6-2  6-2  6-2  6-8  6-8  6-8  6-8  6-8  6-8  6-8  6-8  6-8  6-8  6-8  6-8  6-8  6-8  6-8  6-8  6-8  6-8  6-8  23  24  25  26
     nxp1
      |(Class and Type) : named constant, INTEGER(4)-implicited
      |(Attributes)     : 
      |(Declaration)    : 1-4
      |(Definition)     : 
      |(Reference)      : 6-2
     omega
      |(Class and Type) : variable name, REAL(8)-implicited
      |(Attributes)     : common-block-object
      |(Declaration)    : 5-9
      |(Definition)     : 
      |(Reference)      : 
     onocos
      |(Class and Type) : variable name, REAL(8)-implicited
      |(Attributes)     : DIMENSION, common-block-object
      |(Declaration)    : 5-9
      |(Definition)     : 
      |(Reference)      : 
     outflds
      |(Class and Type) : external subroutine name
      |(Attributes)     : 
      |(Declaration)    : 
      |(Definition)     : 1
      |(Reference)      : 
     phi
      |(Class and Type) : variable name, REAL(8)-implicited
      |(Attributes)     : DIMENSION, common-block-object
      |(Declaration)    : 6-8
      |(Definition)     : 
      |(Reference)      : 
     phif
      |(Class and Type) : variable name, REAL(8)-implicited
      |(Attributes)     : DIMENSION, common-block-object
      |(Declaration)    : 6-8
      |(Definition)     : 
      |(Reference)      : 
     phiold
      |(Class and Type) : variable name, REAL(8)-implicited
      |(Attributes)     : DIMENSION, common-block-object
      |(Declaration)    : 6-8
      |(Definition)     : 
      |(Reference)      : 
     phit
      |(Class and Type) : variable name, REAL(8)-implicited
      |(Attributes)     : DIMENSION, common-block-object
      |(Declaration)    : 6-2
      |(Definition)     : 
      |(Reference)      : 
     phitm
      |(Class and Type) : variable name, REAL(8)-implicited
      |(Attributes)     : DIMENSION, common-block-object
      |(Declaration)    : 6-2
      |(Definition)     : 
      |(Reference)      : 
     pi
      |(Class and Type) : variable name, REAL(8)-implicited
      |(Attributes)     : common-block-object
      |(Declaration)    : 5-9
      |(Definition)     : 
      |(Reference)      : 
     poly
      |(Class and Type) : variable name, REAL(8)-implicited
      |(Attributes)     : DIMENSION, common-block-object
      |(Declaration)    : 5-2
      |(Definition)     : 
      |(Reference)      : 
     pv
      |(Class and Type) : variable name, REAL(8)-implicited
      |(Attributes)     : DIMENSION, common-block-object
      |(Declaration)    : 6-8
      |(Definition)     : 
      |(Reference)      : 
     pvt
      |(Class and Type) : variable name, REAL(8)-implicited
      |(Attributes)     : DIMENSION, common-block-object
      |(Declaration)    : 6-2
      |(Definition)     : 
      |(Reference)      : 
     r
      |(Class and Type) : variable name, REAL(8)-implicited
      |(Attributes)     : DIMENSION, common-block-object
      |(Declaration)    : 6-8
      |(Definition)     : 
      |(Reference)      : 
     rad
      |(Class and Type) : variable name, REAL(8)-implicited
      |(Attributes)     : common-block-object
      |(Declaration)    : 5-9
      |(Definition)     : 
      |(Reference)      : 
     radsq
      |(Class and Type) : variable name, REAL(8)-implicited
      |(Attributes)     : common-block-object
      |(Declaration)    : 5-9
      |(Definition)     : 
      |(Reference)      : 
     rdiv
      |(Class and Type) : variable name, REAL(8)-implicited
      |(Attributes)     : DIMENSION, common-block-object
      |(Declaration)    : 6-2
      |(Definition)     : 
      |(Reference)      : 
     rdivm
      |(Class and Type) : variable name, REAL(8)-implicited
      |(Attributes)     : DIMENSION, common-block-object
      |(Declaration)    : 6-2
      |(Definition)     : 
      |(Reference)      : 
     record
      |(Class and Type) : variable name, INTEGER(4)
      |(Attributes)     : 
      |(Declaration)    : 11
      |(Definition)     : 18  25  26
      |(Reference)      : 19  30
     rgas
      |(Class and Type) : variable name, REAL(8)-implicited
      |(Attributes)     : common-block-object
      |(Declaration)    : 5-9
      |(Definition)     : 
      |(Reference)      : 
     rvm
      |(Class and Type) : variable name, REAL(8)-implicited
      |(Attributes)     : common-block-object
      |(Declaration)    : 5-9
      |(Definition)     : 
      |(Reference)      : 
     rvor
      |(Class and Type) : variable name, REAL(8)-implicited
      |(Attributes)     : DIMENSION, common-block-object
      |(Declaration)    : 6-2
      |(Definition)     : 
      |(Reference)      : 
     rvorm
      |(Class and Type) : variable name, REAL(8)-implicited
      |(Attributes)     : DIMENSION, common-block-object
      |(Declaration)    : 6-2
      |(Definition)     : 
      |(Reference)      : 
     sinl
      |(Class and Type) : variable name, REAL(8)-implicited
      |(Attributes)     : DIMENSION, common-block-object
      |(Declaration)    : 5-9
      |(Definition)     : 
      |(Reference)      : 
     st
      |(Class and Type) : variable name, REAL(8)-implicited
      |(Attributes)     : DIMENSION, common-block-object
      |(Declaration)    : 6-8
      |(Definition)     : 26
      |(Reference)      : 
     str
      |(Class and Type) : variable name, REAL(8)-implicited
      |(Attributes)     : DIMENSION, common-block-object
      |(Declaration)    : 6-2
      |(Definition)     : 
      |(Reference)      : 
     swgrid
      |(Class and Type) : common name
      |(Attributes)     : 
      |(Declaration)    : 6-2
      |(Definition)     : 
      |(Reference)      : 
     tau
      |(Class and Type) : variable name, REAL(8)-implicited
      |(Attributes)     : common-block-object
      |(Declaration)    : 5-9
      |(Definition)     : 
      |(Reference)      : 
     taue
      |(Class and Type) : variable name, REAL(8)-implicited
      |(Attributes)     : common-block-object
      |(Declaration)    : 5-9
      |(Definition)     : 
      |(Reference)      : 
     taui
      |(Class and Type) : variable name, REAL(8)-implicited
      |(Attributes)     : common-block-object
      |(Declaration)    : 5-9
      |(Definition)     : 
      |(Reference)      : 
     tauo
      |(Class and Type) : variable name, REAL(8)-implicited
      |(Attributes)     : common-block-object
      |(Declaration)    : 5-9
      |(Definition)     : 
      |(Reference)      : 18
     taux
      |(Class and Type) : variable name, REAL(8)-implicited
      |(Attributes)     : dummy-argument
      |(Declaration)    : 1
      |(Definition)     : 
      |(Reference)      : 16
     tfilt
      |(Class and Type) : variable name, REAL(8)-implicited
      |(Attributes)     : common-block-object
      |(Declaration)    : 5-9
      |(Definition)     : 
      |(Reference)      : 
     topo
      |(Class and Type) : variable name, REAL(8)-implicited
      |(Attributes)     : DIMENSION, common-block-object
      |(Declaration)    : 6-2
      |(Definition)     : 
      |(Reference)      : 
     tylat
      |(Class and Type) : variable name, REAL(8)-implicited
      |(Attributes)     : common-block-object
      |(Declaration)    : 5-9
      |(Definition)     : 
      |(Reference)      : 
     tylon
      |(Class and Type) : variable name, REAL(8)-implicited
      |(Attributes)     : common-block-object
      |(Declaration)    : 5-9
      |(Definition)     : 
      |(Reference)      : 
     u
      |(Class and Type) : variable name, REAL(8)-implicited
      |(Attributes)     : DIMENSION, common-block-object
      |(Declaration)    : 6-8
      |(Definition)     : 23
      |(Reference)      : 
     uold
      |(Class and Type) : variable name, REAL(8)-implicited
      |(Attributes)     : DIMENSION, common-block-object
      |(Declaration)    : 6-8
      |(Definition)     : 
      |(Reference)      : 
     ut
      |(Class and Type) : variable name, REAL(8)-implicited
      |(Attributes)     : DIMENSION, common-block-object
      |(Declaration)    : 6-2
      |(Definition)     : 
      |(Reference)      : 
     utm
      |(Class and Type) : variable name, REAL(8)-implicited
      |(Attributes)     : DIMENSION, common-block-object
      |(Declaration)    : 6-2
      |(Definition)     : 
      |(Reference)      : 
     uwindrecord
      |(Class and Type) : variable name, INTEGER(4)
      |(Attributes)     : 
      |(Declaration)    : 12
      |(Definition)     : 20  23
      |(Reference)      : 27
     v
      |(Class and Type) : variable name, REAL(8)-implicited
      |(Attributes)     : DIMENSION, common-block-object
      |(Declaration)    : 6-8
      |(Definition)     : 24
      |(Reference)      : 
     vmax
      |(Class and Type) : variable name, REAL(8)-implicited
      |(Attributes)     : common-block-object
      |(Declaration)    : 5-9
      |(Definition)     : 
      |(Reference)      : 
     vold
      |(Class and Type) : variable name, REAL(8)-implicited
      |(Attributes)     : DIMENSION, common-block-object
      |(Declaration)    : 6-8
      |(Definition)     : 
      |(Reference)      : 
     vor
      |(Class and Type) : variable name, REAL(8)-implicited
      |(Attributes)     : DIMENSION, common-block-object
      |(Declaration)    : 6-8
      |(Definition)     : 25
      |(Reference)      : 
     vorf
      |(Class and Type) : variable name, REAL(8)-implicited
      |(Attributes)     : DIMENSION, common-block-object
      |(Declaration)    : 6-8
      |(Definition)     : 
      |(Reference)      : 
     vorold
      |(Class and Type) : variable name, REAL(8)-implicited
      |(Attributes)     : DIMENSION, common-block-object
      |(Declaration)    : 6-8
      |(Definition)     : 
      |(Reference)      : 
     vt
      |(Class and Type) : variable name, REAL(8)-implicited
      |(Attributes)     : DIMENSION, common-block-object
      |(Declaration)    : 6-2
      |(Definition)     : 
      |(Reference)      : 
     vtm
      |(Class and Type) : variable name, REAL(8)-implicited
      |(Attributes)     : DIMENSION, common-block-object
      |(Declaration)    : 6-2
      |(Definition)     : 
      |(Reference)      : 
     vwindrecord
      |(Class and Type) : variable name, INTEGER(4)
      |(Attributes)     : 
      |(Declaration)    : 12
      |(Definition)     : 19  24
      |(Reference)      : 20  28
     wcfac
      |(Class and Type) : variable name, REAL(8)-implicited
      |(Attributes)     : DIMENSION, common-block-object
      |(Declaration)    : 5-2
      |(Definition)     : 
      |(Reference)      : 
     wdfac
      |(Class and Type) : variable name, REAL(8)-implicited
      |(Attributes)     : DIMENSION, common-block-object
      |(Declaration)    : 5-2
      |(Definition)     : 
      |(Reference)      : 
     weight
      |(Class and Type) : variable name, REAL(8)-implicited
      |(Attributes)     : DIMENSION, common-block-object
      |(Declaration)    : 5-9
      |(Definition)     : 
      |(Reference)      : 
     writes
      |(Class and Type) : external subroutine name
      |(Attributes)     : 
      |(Declaration)    : 
      |(Definition)     : 
      |(Reference)      : 23  24  25  26
     xlat
      |(Class and Type) : variable name, REAL(8)-implicited
      |(Attributes)     : DIMENSION, common-block-object
      |(Declaration)    : 6-2
      |(Definition)     : 
      |(Reference)      : 
     xlon
      |(Class and Type) : variable name, REAL(8)-implicited
      |(Attributes)     : DIMENSION, common-block-object
      |(Declaration)    : 6-2
      |(Definition)     : 
      |(Reference)      : 

 Total information
   Procedures       : 1
   Total lines      : 95
   Total statements : 33
   Total stack(byte): 48
   Total prefetch num: 0

 Include file name list
     1 : ../include/param.h
     2 : ../include/mpe.h
     3 : ../include/rank.h
     4 : ../include/index.h
     5 : ../include/const.h
     6 : ../include/grid.h

