
 Fujitsu Fortran Version 1.2.1  Wed Aug 14 10:56:28 2019

 Compilation information
   Current directory : /OFS3/nwpr/gfs/ncust1/VORTEX/src_vor
   Source file       : ujoinrs.f

 Option information
   Command line options : -Kident_mpi -f2004 -Kfast,optmsg=2 -CcdRR8 -Fwide -V -Ec -Qa,d,i,p,t,x -c -Kfast -CcdRR8 -Fwide -c -o ujoinrs.o -L/package/fx10/dms/dms.v4/lib -lrdms -lgdbm -L/package/fx10/operlib/lib -lnwp -I/opt/FJSVfxlang/1.2.1/include/mpi/fujitsu -Knointentopt -I/opt/FJSVfxlang/1.2.1/lib64
   Effective options    : -fi -g0 -AE -Ec -Fixed -Fwide -O3 -Qa,d,i,p,t,x -X03
                          -CcdRR8 -x0
                          -KSPARC64IXfx -KFLTLD -Kadr44 -Knoauto
                          -Knoautoobjstack -Knocalleralloc -Kdalign -Keval
                          -Knofenv_access -Kfp_contract -Kfp_relaxed
                          -Kfsimple -Kilfunc=loop -Knointentopt -Klargepage
                          -Kloop_blocking -Kloop_fission -Kloop_nofission_if
                          -Kloop_fusion -Kloop_interchange
                          -Kloop_nopart_parallel -Kloop_nopart_simd
                          -Kloop_noversioning -Kns -Kmfunc=1 -Knoocl -Komitfp
                          -Koptmsg=2 -Knopreex -Kprefetch_conditional
                          -Kprefetch_noindirect -Kprefetch_sequential=auto
                          -Kprefetch_nostride -Kprefetch_cache_level=all
                          -Kprefetch_double_line_L2 -Kprefetch_noinfer
                          -Kprefetch_nostrong -Kprefetch_strong_L2
                          -Knoshortloop -Ksimd=1 -Knosimd_region_constant
                          -Knostriping -Kswp -Knotemparraystack -Kunroll
                          -Knouxsimd -KNOXFILL
                          -Knoopenmp -Kopenmp_noassume_norecurrence
                          -Kopenmp_noordered_reduction -Kopenmp_notls
                          -Knothreadsafe -Knoparallel
                          -Kparallel_nofp_precision -Knoarray_private
                          -Knodynamic_iteration -Knoreduction
                          -Knoregion_extension
                          -Nallextput -Nnoalloc_assign
                          -Ncancel_overtime_compilation -Nnocompdisp
                          -Nnocopyarg -Nfreealloc -Nf90move -Nnohook_func
                          -Nnohook_time -Nline -Nlst -Nlst=a -Nlst=d -Nlst=i
                          -Nlst=p -Nlst=t -Nlst=x -Nnomallocfree -Nnoobsfun
                          -Nquickdbg=noargchk -Nquickdbg=nosubchk
                          -Nquickdbg=noundef -NRnotrap -Nnorecursive
                          -Nrt_notune -Nnosave -Nsetvalue=noheap
                          -Nsetvalue=nostack -Nsetvalue=noscalar
                          -Nsetvalue=noarray -Nsetvalue=nostruct -Nuse_rodata

 External subroutine subprogram "ujoinrs"
  (inc)(line-no.)(nest)(optimize)
               1                           subroutine ujoinrs(wss,s1,s2,s3,s4,jtrun,jtmax,lev
               2                          &                  ,mlistnum,num,ncld)
               3                     c
               4                           dimension wss(*), s1(*), s2(*), s3(*), s4(*)
               5                     c
               6                           if(num .eq. 2)
               7                          &  call ujoin2rs(wss,s1,s2,jtrun,jtmax,lev,mlistnum,ncld)
               8                           if(num .eq. 3)
               9                          &  call ujoin3rs(wss,s1,s2,s3,jtrun,jtmax,lev,mlistnum,ncld)
              10                           if(num .eq. 4)
              11                          &  call ujoin4rs(wss,s1,s2,s3,s4,jtrun,jtmax,lev,mlistnum,ncld)
              12                     c
              13                           return
              14                           end

 Procedure information
   Lines      : 14
   Statements : 7
   Stack(byte): 0
   Prefetch num: 0

 Scoping unit of external sub-program : ujoinrs
   Attribute and Cross reference of name
     jtmax
      |(Class and Type) : variable name, INTEGER(4)-implicited
      |(Attributes)     : dummy-argument
      |(Declaration)    : 1
      |(Definition)     : 6  8  10
      |(Reference)      : 
     jtrun
      |(Class and Type) : variable name, INTEGER(4)-implicited
      |(Attributes)     : dummy-argument
      |(Declaration)    : 1
      |(Definition)     : 6  8  10
      |(Reference)      : 
     lev
      |(Class and Type) : variable name, INTEGER(4)-implicited
      |(Attributes)     : dummy-argument
      |(Declaration)    : 1
      |(Definition)     : 6  8  10
      |(Reference)      : 
     mlistnum
      |(Class and Type) : variable name, INTEGER(4)-implicited
      |(Attributes)     : dummy-argument
      |(Declaration)    : 1
      |(Definition)     : 6  8  10
      |(Reference)      : 
     ncld
      |(Class and Type) : variable name, INTEGER(4)-implicited
      |(Attributes)     : dummy-argument
      |(Declaration)    : 1
      |(Definition)     : 6  8  10
      |(Reference)      : 
     num
      |(Class and Type) : variable name, INTEGER(4)-implicited
      |(Attributes)     : dummy-argument
      |(Declaration)    : 1
      |(Definition)     : 
      |(Reference)      : 6  8  10
     s1
      |(Class and Type) : variable name, REAL(8)-implicited
      |(Attributes)     : DIMENSION, dummy-argument
      |(Declaration)    : 1  4
      |(Definition)     : 6  8  10
      |(Reference)      : 
     s2
      |(Class and Type) : variable name, REAL(8)-implicited
      |(Attributes)     : DIMENSION, dummy-argument
      |(Declaration)    : 1  4
      |(Definition)     : 6  8  10
      |(Reference)      : 
     s3
      |(Class and Type) : variable name, REAL(8)-implicited
      |(Attributes)     : DIMENSION, dummy-argument
      |(Declaration)    : 1  4
      |(Definition)     : 8  10
      |(Reference)      : 
     s4
      |(Class and Type) : variable name, REAL(8)-implicited
      |(Attributes)     : DIMENSION, dummy-argument
      |(Declaration)    : 1  4
      |(Definition)     : 10
      |(Reference)      : 
     ujoin2rs
      |(Class and Type) : external subroutine name
      |(Attributes)     : 
      |(Declaration)    : 
      |(Definition)     : 
      |(Reference)      : 6
     ujoin3rs
      |(Class and Type) : external subroutine name
      |(Attributes)     : 
      |(Declaration)    : 
      |(Definition)     : 
      |(Reference)      : 8
     ujoin4rs
      |(Class and Type) : external subroutine name
      |(Attributes)     : 
      |(Declaration)    : 
      |(Definition)     : 
      |(Reference)      : 10
     ujoinrs
      |(Class and Type) : external subroutine name
      |(Attributes)     : 
      |(Declaration)    : 
      |(Definition)     : 1
      |(Reference)      : 
     wss
      |(Class and Type) : variable name, REAL(8)-implicited
      |(Attributes)     : DIMENSION, dummy-argument
      |(Declaration)    : 1  4
      |(Definition)     : 6  8  10
      |(Reference)      : 

 External subroutine subprogram "ujoin2rs"
  (inc)(line-no.)(nest)(optimize)
              15                     c
              16                           subroutine ujoin2rs(wss,s1,s2,jtrun,jtmax,lev,mlistnum,ncld)
              17                     c
              18                           dimension wss (lev,2,1+ncld,jtrun,jtmax)
              19                     c
              20                           dimension s1(lev,2,jtrun,jtmax)
              21                           dimension s2(lev*ncld,2,jtrun,jtmax)
              22                     c
              23     1                     do 10 m=1,mlistnum
              24     2                     do 10 l=1,jtrun
                                   <<< Loop-information Start >>>
                                   <<<  [OPTIMIZATION]
                                   <<<    SIMD
                                   <<<    SOFTWARE PIPELINING
                                   <<< Loop-information  End >>>
              25     3       8v            do 10 k = 1, lev*2
              26     3       8v              s1(k,1,l,m) = wss(k,1,1,l,m)
              27     1       8v        10  continue
              28                     c
              29     1                     do 20 m=1,mlistnum
              30     2                     do 20 l=1,jtrun
              31     3                     do 20 n=1,ncld
              32     3                       nk=(n-1)*lev
                                   <<< Loop-information Start >>>
                                   <<<  [OPTIMIZATION]
                                   <<<    SIMD
                                   <<<    SOFTWARE PIPELINING
                                   <<< Loop-information  End >>>
              33     4       8v            do 20 k = 1, lev
              34     4       8v              kk=nk+k
              35     4       8v              s2(kk,1,l,m) = wss(k,1,1+n,l,m)
              36     4       8v              s2(kk,2,l,m) = wss(k,2,1+n,l,m)
              37     1       8v        20  continue
              38                     
              39                     c
              40                           return
              41                           end

 Diagnostic messages: program name(ujoin2rs)
   jwd8220o-i  "ujoinrs.f", line 16: Optimizations is performed in this program unit with possibility of side effects. See informational messages below to determine which such optimizations have been performed.
   jwd6001s-i  "ujoinrs.f", line 25: SIMD conversion is applied to DO loop with DO variable 'k'.
   jwd8204o-i  "ujoinrs.f", line 25: This loop is software pipelined.
   jwd8205o-i  "ujoinrs.f", line 25: The software-pipelined loop is chosen at run time when the iteration count is greater than or equal to 65.
   jwd8209o-i  "ujoinrs.f", line 26: Evaluation order of polynomial expression is changed according to commutative law of addition and multiplication.
   jwd6001s-i  "ujoinrs.f", line 33: SIMD conversion is applied to DO loop with DO variable 'k'.
   jwd8204o-i  "ujoinrs.f", line 33: This loop is software pipelined.
   jwd8205o-i  "ujoinrs.f", line 33: The software-pipelined loop is chosen at run time when the iteration count is greater than or equal to 65.
   jwd8209o-i  "ujoinrs.f", line 35: Evaluation order of polynomial expression is changed according to commutative law of addition and multiplication.
   jwd8209o-i  "ujoinrs.f", line 36: Evaluation order of polynomial expression is changed according to commutative law of addition and multiplication.

 Procedure information
   Lines      : 27
   Statements : 20
   Stack(byte): 0
   Prefetch num: 0

 Scoping unit of external sub-program : ujoin2rs
   Attribute and Cross reference of name
     jtmax
      |(Class and Type) : variable name, INTEGER(4)-implicited
      |(Attributes)     : dummy-argument
      |(Declaration)    : 16
      |(Definition)     : 
      |(Reference)      : 18  20  21
     jtrun
      |(Class and Type) : variable name, INTEGER(4)-implicited
      |(Attributes)     : dummy-argument
      |(Declaration)    : 16
      |(Definition)     : 
      |(Reference)      : 18  20  21  24  30
     k
      |(Class and Type) : variable name, INTEGER(4)-implicited
      |(Attributes)     : 
      |(Declaration)    : 
      |(Definition)     : 25  33
      |(Reference)      : 26  26  34  35  36
     kk
      |(Class and Type) : variable name, INTEGER(4)-implicited
      |(Attributes)     : 
      |(Declaration)    : 
      |(Definition)     : 34
      |(Reference)      : 35  36
     l
      |(Class and Type) : variable name, INTEGER(4)-implicited
      |(Attributes)     : 
      |(Declaration)    : 
      |(Definition)     : 24  30
      |(Reference)      : 26  26  35  35  36  36
     lev
      |(Class and Type) : variable name, INTEGER(4)-implicited
      |(Attributes)     : dummy-argument
      |(Declaration)    : 16
      |(Definition)     : 
      |(Reference)      : 18  20  21  25  32  33
     m
      |(Class and Type) : variable name, INTEGER(4)-implicited
      |(Attributes)     : 
      |(Declaration)    : 
      |(Definition)     : 23  29
      |(Reference)      : 26  26  35  35  36  36
     mlistnum
      |(Class and Type) : variable name, INTEGER(4)-implicited
      |(Attributes)     : dummy-argument
      |(Declaration)    : 16
      |(Definition)     : 
      |(Reference)      : 23  29
     n
      |(Class and Type) : variable name, INTEGER(4)-implicited
      |(Attributes)     : 
      |(Declaration)    : 
      |(Definition)     : 31
      |(Reference)      : 32  35  36
     ncld
      |(Class and Type) : variable name, INTEGER(4)-implicited
      |(Attributes)     : dummy-argument
      |(Declaration)    : 16
      |(Definition)     : 
      |(Reference)      : 18  21  31
     nk
      |(Class and Type) : variable name, INTEGER(4)-implicited
      |(Attributes)     : 
      |(Declaration)    : 
      |(Definition)     : 32
      |(Reference)      : 34
     s1
      |(Class and Type) : variable name, REAL(8)-implicited
      |(Attributes)     : DIMENSION, dummy-argument
      |(Declaration)    : 16  20
      |(Definition)     : 26
      |(Reference)      : 
     s2
      |(Class and Type) : variable name, REAL(8)-implicited
      |(Attributes)     : DIMENSION, dummy-argument
      |(Declaration)    : 16  21
      |(Definition)     : 35  36
      |(Reference)      : 
     ujoin2rs
      |(Class and Type) : external subroutine name
      |(Attributes)     : 
      |(Declaration)    : 
      |(Definition)     : 16
      |(Reference)      : 
     wss
      |(Class and Type) : variable name, REAL(8)-implicited
      |(Attributes)     : DIMENSION, dummy-argument
      |(Declaration)    : 16  18
      |(Definition)     : 
      |(Reference)      : 26  35  36
   Cross reference of label
     (Label) (label-kind)               (line-no.)
     ------- ------------- ------------ ----------
         10  execution     (Definition) 27  
                           (Reference)  23  24  25
         20  execution     (Definition) 37  
                           (Reference)  29  30  31  33

 External subroutine subprogram "ujoin3rs"
  (inc)(line-no.)(nest)(optimize)
              42                     c
              43                           subroutine ujoin3rs(wss,s1,s2,s3,jtrun,jtmax,lev,mlistnum,ncld)
              44                     c
              45                           dimension wss (lev,2,2+ncld,jtrun,jtmax)
              46                     c
              47                           dimension s1(lev,2,jtrun,jtmax)
              48                           dimension s2(lev,2,jtrun,jtmax)
              49                           dimension s3(lev*ncld,2,jtrun,jtmax)
              50                     c
              51     1                     do 10 m=1,mlistnum
              52     2                     do 10 l=1,jtrun
                                   <<< Loop-information Start >>>
                                   <<<  [OPTIMIZATION]
                                   <<<    SIMD
                                   <<<    SOFTWARE PIPELINING
                                   <<< Loop-information  End >>>
              53     3       8v            do 10 k = 1, lev*2
              54     3       8v              s1(k,1,l,m) = wss(k,1,1,l,m)
              55     3       8v              s2(k,1,l,m) = wss(k,1,2,l,m)
              56     1       8v        10  continue
              57                     c
              58     1                     do 20 m=1,mlistnum
              59     2                     do 20 l=1,jtrun
              60     3                     do 20 n=1,ncld
              61     3                       nk=(n-1)*lev
                                   <<< Loop-information Start >>>
                                   <<<  [OPTIMIZATION]
                                   <<<    SIMD
                                   <<<    SOFTWARE PIPELINING
                                   <<< Loop-information  End >>>
              62     4       8v            do 20 k = 1, lev
              63     4       8v              kk=nk+k
              64     4       8v              s3(kk,1,l,m) = wss(k,1,2+n,l,m)
              65     4       8v              s3(kk,2,l,m) = wss(k,2,2+n,l,m)
              66     1       8v        20  continue
              67                     c
              68                           return
              69                           end

 Diagnostic messages: program name(ujoin3rs)
   jwd8220o-i  "ujoinrs.f", line 43: Optimizations is performed in this program unit with possibility of side effects. See informational messages below to determine which such optimizations have been performed.
   jwd6001s-i  "ujoinrs.f", line 53: SIMD conversion is applied to DO loop with DO variable 'k'.
   jwd8204o-i  "ujoinrs.f", line 53: This loop is software pipelined.
   jwd8205o-i  "ujoinrs.f", line 53: The software-pipelined loop is chosen at run time when the iteration count is greater than or equal to 65.
   jwd8209o-i  "ujoinrs.f", line 54: Evaluation order of polynomial expression is changed according to commutative law of addition and multiplication.
   jwd8209o-i  "ujoinrs.f", line 55: Evaluation order of polynomial expression is changed according to commutative law of addition and multiplication.
   jwd6001s-i  "ujoinrs.f", line 62: SIMD conversion is applied to DO loop with DO variable 'k'.
   jwd8204o-i  "ujoinrs.f", line 62: This loop is software pipelined.
   jwd8205o-i  "ujoinrs.f", line 62: The software-pipelined loop is chosen at run time when the iteration count is greater than or equal to 65.
   jwd8209o-i  "ujoinrs.f", line 64: Evaluation order of polynomial expression is changed according to commutative law of addition and multiplication.
   jwd8209o-i  "ujoinrs.f", line 65: Evaluation order of polynomial expression is changed according to commutative law of addition and multiplication.

 Procedure information
   Lines      : 28
   Statements : 22
   Stack(byte): 0
   Prefetch num: 0

 Scoping unit of external sub-program : ujoin3rs
   Attribute and Cross reference of name
     jtmax
      |(Class and Type) : variable name, INTEGER(4)-implicited
      |(Attributes)     : dummy-argument
      |(Declaration)    : 43
      |(Definition)     : 
      |(Reference)      : 45  47  48  49
     jtrun
      |(Class and Type) : variable name, INTEGER(4)-implicited
      |(Attributes)     : dummy-argument
      |(Declaration)    : 43
      |(Definition)     : 
      |(Reference)      : 45  47  48  49  52  59
     k
      |(Class and Type) : variable name, INTEGER(4)-implicited
      |(Attributes)     : 
      |(Declaration)    : 
      |(Definition)     : 53  62
      |(Reference)      : 54  54  55  55  63  64  65
     kk
      |(Class and Type) : variable name, INTEGER(4)-implicited
      |(Attributes)     : 
      |(Declaration)    : 
      |(Definition)     : 63
      |(Reference)      : 64  65
     l
      |(Class and Type) : variable name, INTEGER(4)-implicited
      |(Attributes)     : 
      |(Declaration)    : 
      |(Definition)     : 52  59
      |(Reference)      : 54  54  55  55  64  64  65  65
     lev
      |(Class and Type) : variable name, INTEGER(4)-implicited
      |(Attributes)     : dummy-argument
      |(Declaration)    : 43
      |(Definition)     : 
      |(Reference)      : 45  47  48  49  53  61  62
     m
      |(Class and Type) : variable name, INTEGER(4)-implicited
      |(Attributes)     : 
      |(Declaration)    : 
      |(Definition)     : 51  58
      |(Reference)      : 54  54  55  55  64  64  65  65
     mlistnum
      |(Class and Type) : variable name, INTEGER(4)-implicited
      |(Attributes)     : dummy-argument
      |(Declaration)    : 43
      |(Definition)     : 
      |(Reference)      : 51  58
     n
      |(Class and Type) : variable name, INTEGER(4)-implicited
      |(Attributes)     : 
      |(Declaration)    : 
      |(Definition)     : 60
      |(Reference)      : 61  64  65
     ncld
      |(Class and Type) : variable name, INTEGER(4)-implicited
      |(Attributes)     : dummy-argument
      |(Declaration)    : 43
      |(Definition)     : 
      |(Reference)      : 45  49  60
     nk
      |(Class and Type) : variable name, INTEGER(4)-implicited
      |(Attributes)     : 
      |(Declaration)    : 
      |(Definition)     : 61
      |(Reference)      : 63
     s1
      |(Class and Type) : variable name, REAL(8)-implicited
      |(Attributes)     : DIMENSION, dummy-argument
      |(Declaration)    : 43  47
      |(Definition)     : 54
      |(Reference)      : 
     s2
      |(Class and Type) : variable name, REAL(8)-implicited
      |(Attributes)     : DIMENSION, dummy-argument
      |(Declaration)    : 43  48
      |(Definition)     : 55
      |(Reference)      : 
     s3
      |(Class and Type) : variable name, REAL(8)-implicited
      |(Attributes)     : DIMENSION, dummy-argument
      |(Declaration)    : 43  49
      |(Definition)     : 64  65
      |(Reference)      : 
     ujoin3rs
      |(Class and Type) : external subroutine name
      |(Attributes)     : 
      |(Declaration)    : 
      |(Definition)     : 43
      |(Reference)      : 
     wss
      |(Class and Type) : variable name, REAL(8)-implicited
      |(Attributes)     : DIMENSION, dummy-argument
      |(Declaration)    : 43  45
      |(Definition)     : 
      |(Reference)      : 54  55  64  65
   Cross reference of label
     (Label) (label-kind)               (line-no.)
     ------- ------------- ------------ ----------
         10  execution     (Definition) 56  
                           (Reference)  51  52  53
         20  execution     (Definition) 66  
                           (Reference)  58  59  60  62

 External subroutine subprogram "ujoin4rs"
  (inc)(line-no.)(nest)(optimize)
              70                     c
              71                           subroutine ujoin4rs(wss,s1,s2,s3,s4,jtrun,jtmax,lev,mlistnum,ncld)
              72                     c
              73                           dimension wss (lev,2,3+ncld,jtrun,jtmax)
              74                     c
              75                           dimension s1(lev,2,jtrun,jtmax)
              76                           dimension s2(lev,2,jtrun,jtmax)
              77                           dimension s3(lev,2,jtrun,jtmax)
              78                           dimension s4(lev*ncld,2,jtrun,jtmax)
              79                     c
              80     1                     do 10 m=1,mlistnum
              81     2                     do 10 l=1,jtrun
                                   <<< Loop-information Start >>>
                                   <<<  [OPTIMIZATION]
                                   <<<    SIMD
                                   <<<    SOFTWARE PIPELINING
                                   <<< Loop-information  End >>>
              82     3       6v            do 10 k = 1, lev*2
              83     3       6v              s1(k,1,l,m) = wss(k,1,1,l,m)
              84     3       6v              s2(k,1,l,m) = wss(k,1,2,l,m)
              85     3       6v              s3(k,1,l,m) = wss(k,1,3,l,m)
              86     1       6v        10  continue
              87                     c
              88     1                     do 20 m=1,mlistnum
              89     2                     do 20 l=1,jtrun
              90     3                     do 20 n=1,ncld
              91     3                       nk=(n-1)*lev
                                   <<< Loop-information Start >>>
                                   <<<  [OPTIMIZATION]
                                   <<<    SIMD
                                   <<<    SOFTWARE PIPELINING
                                   <<< Loop-information  End >>>
              92     4       8v            do 20 k = 1, lev
              93     4       8v              kk=nk+k
              94     4       8v              s4(kk,1,l,m) = wss(k,1,3+n,l,m)
              95     4       8v              s4(kk,2,l,m) = wss(k,2,3+n,l,m)
              96     1       8v        20  continue
              97                     c
              98                           return
              99                           end

 Diagnostic messages: program name(ujoin4rs)
   jwd8220o-i  "ujoinrs.f", line 71: Optimizations is performed in this program unit with possibility of side effects. See informational messages below to determine which such optimizations have been performed.
   jwd6001s-i  "ujoinrs.f", line 82: SIMD conversion is applied to DO loop with DO variable 'k'.
   jwd8204o-i  "ujoinrs.f", line 82: This loop is software pipelined.
   jwd8205o-i  "ujoinrs.f", line 82: The software-pipelined loop is chosen at run time when the iteration count is greater than or equal to 49.
   jwd8209o-i  "ujoinrs.f", line 83: Evaluation order of polynomial expression is changed according to commutative law of addition and multiplication.
   jwd8209o-i  "ujoinrs.f", line 84: Evaluation order of polynomial expression is changed according to commutative law of addition and multiplication.
   jwd8209o-i  "ujoinrs.f", line 85: Evaluation order of polynomial expression is changed according to commutative law of addition and multiplication.
   jwd6001s-i  "ujoinrs.f", line 92: SIMD conversion is applied to DO loop with DO variable 'k'.
   jwd8204o-i  "ujoinrs.f", line 92: This loop is software pipelined.
   jwd8205o-i  "ujoinrs.f", line 92: The software-pipelined loop is chosen at run time when the iteration count is greater than or equal to 65.
   jwd8209o-i  "ujoinrs.f", line 94: Evaluation order of polynomial expression is changed according to commutative law of addition and multiplication.
   jwd8209o-i  "ujoinrs.f", line 95: Evaluation order of polynomial expression is changed according to commutative law of addition and multiplication.

 Procedure information
   Lines      : 30
   Statements : 24
   Stack(byte): 0
   Prefetch num: 0

 Scoping unit of external sub-program : ujoin4rs
   Attribute and Cross reference of name
     jtmax
      |(Class and Type) : variable name, INTEGER(4)-implicited
      |(Attributes)     : dummy-argument
      |(Declaration)    : 71
      |(Definition)     : 
      |(Reference)      : 73  75  76  77  78
     jtrun
      |(Class and Type) : variable name, INTEGER(4)-implicited
      |(Attributes)     : dummy-argument
      |(Declaration)    : 71
      |(Definition)     : 
      |(Reference)      : 73  75  76  77  78  81  89
     k
      |(Class and Type) : variable name, INTEGER(4)-implicited
      |(Attributes)     : 
      |(Declaration)    : 
      |(Definition)     : 82  92
      |(Reference)      : 83  83  84  84  85  85  93  94  95
     kk
      |(Class and Type) : variable name, INTEGER(4)-implicited
      |(Attributes)     : 
      |(Declaration)    : 
      |(Definition)     : 93
      |(Reference)      : 94  95
     l
      |(Class and Type) : variable name, INTEGER(4)-implicited
      |(Attributes)     : 
      |(Declaration)    : 
      |(Definition)     : 81  89
      |(Reference)      : 83  83  84  84  85  85  94  94  95  95
     lev
      |(Class and Type) : variable name, INTEGER(4)-implicited
      |(Attributes)     : dummy-argument
      |(Declaration)    : 71
      |(Definition)     : 
      |(Reference)      : 73  75  76  77  78  82  91  92
     m
      |(Class and Type) : variable name, INTEGER(4)-implicited
      |(Attributes)     : 
      |(Declaration)    : 
      |(Definition)     : 80  88
      |(Reference)      : 83  83  84  84  85  85  94  94  95  95
     mlistnum
      |(Class and Type) : variable name, INTEGER(4)-implicited
      |(Attributes)     : dummy-argument
      |(Declaration)    : 71
      |(Definition)     : 
      |(Reference)      : 80  88
     n
      |(Class and Type) : variable name, INTEGER(4)-implicited
      |(Attributes)     : 
      |(Declaration)    : 
      |(Definition)     : 90
      |(Reference)      : 91  94  95
     ncld
      |(Class and Type) : variable name, INTEGER(4)-implicited
      |(Attributes)     : dummy-argument
      |(Declaration)    : 71
      |(Definition)     : 
      |(Reference)      : 73  78  90
     nk
      |(Class and Type) : variable name, INTEGER(4)-implicited
      |(Attributes)     : 
      |(Declaration)    : 
      |(Definition)     : 91
      |(Reference)      : 93
     s1
      |(Class and Type) : variable name, REAL(8)-implicited
      |(Attributes)     : DIMENSION, dummy-argument
      |(Declaration)    : 71  75
      |(Definition)     : 83
      |(Reference)      : 
     s2
      |(Class and Type) : variable name, REAL(8)-implicited
      |(Attributes)     : DIMENSION, dummy-argument
      |(Declaration)    : 71  76
      |(Definition)     : 84
      |(Reference)      : 
     s3
      |(Class and Type) : variable name, REAL(8)-implicited
      |(Attributes)     : DIMENSION, dummy-argument
      |(Declaration)    : 71  77
      |(Definition)     : 85
      |(Reference)      : 
     s4
      |(Class and Type) : variable name, REAL(8)-implicited
      |(Attributes)     : DIMENSION, dummy-argument
      |(Declaration)    : 71  78
      |(Definition)     : 94  95
      |(Reference)      : 
     ujoin4rs
      |(Class and Type) : external subroutine name
      |(Attributes)     : 
      |(Declaration)    : 
      |(Definition)     : 71
      |(Reference)      : 
     wss
      |(Class and Type) : variable name, REAL(8)-implicited
      |(Attributes)     : DIMENSION, dummy-argument
      |(Declaration)    : 71  73
      |(Definition)     : 
      |(Reference)      : 83  84  85  94  95
   Cross reference of label
     (Label) (label-kind)               (line-no.)
     ------- ------------- ------------ ----------
         10  execution     (Definition) 86  
                           (Reference)  80  81  82
         20  execution     (Definition) 96  
                           (Reference)  88  89  90  92

 Total information
   Procedures       : 4
   Total lines      : 99
   Total statements : 73
   Total stack(byte): 0
   Total prefetch num: 0

